2024-11-19 16:25:23,137 - INFO - Starting LSTM model script
2024-11-19 16:25:23,137 - INFO - Loading and preparing data
2024-11-19 16:25:30,149 - INFO - Data overview: count     181.000000
mean     1184.917127
std       358.869597
min       645.000000
25%       878.000000
50%      1099.000000
75%      1512.000000
max      1962.000000
Name: transaction_qty, dtype: float64
2024-11-19 16:25:30,149 - INFO - Sequence length set to: 10
2024-11-19 16:25:30,150 - INFO - Training data size: 136, Testing data size: 35
2024-11-19 16:25:30,187 - INFO - Model configuration:
2024-11-19 16:25:30,189 - INFO - Model: "sequential"
┏━━━━━━━━━━━━━━━━━━━━━━━━━━━━━━━━━━━━━━┳━━━━━━━━━━━━━━━━━━━━━━━━━━━━━┳━━━━━━━━━━━━━━━━━┓
┃ Layer (type)                         ┃ Output Shape                ┃         Param # ┃
┡━━━━━━━━━━━━━━━━━━━━━━━━━━━━━━━━━━━━━━╇━━━━━━━━━━━━━━━━━━━━━━━━━━━━━╇━━━━━━━━━━━━━━━━━┩
│ lstm (LSTM)                          │ (None, 50)                  │          10,400 │
├──────────────────────────────────────┼─────────────────────────────┼─────────────────┤
│ dense (Dense)                        │ (None, 1)                   │              51 │
└──────────────────────────────────────┴─────────────────────────────┴─────────────────┘
 Total params: 10,451 (40.82 KB)
 Trainable params: 10,451 (40.82 KB)
 Non-trainable params: 0 (0.00 B)

2024-11-19 16:25:30,189 - INFO - Starting model training
2024-11-19 16:25:32,369 - INFO - Training completed. Logging training history:
2024-11-19 16:25:32,369 - INFO - Epoch 1: loss = 0.1229, val_loss = 0.5238
2024-11-19 16:25:32,369 - INFO - Epoch 2: loss = 0.0973, val_loss = 0.4249
2024-11-19 16:25:32,369 - INFO - Epoch 3: loss = 0.0751, val_loss = 0.3331
2024-11-19 16:25:32,369 - INFO - Epoch 4: loss = 0.0542, val_loss = 0.2445
2024-11-19 16:25:32,369 - INFO - Epoch 5: loss = 0.0382, val_loss = 0.1606
2024-11-19 16:25:32,369 - INFO - Epoch 6: loss = 0.0242, val_loss = 0.0877
2024-11-19 16:25:32,369 - INFO - Epoch 7: loss = 0.0145, val_loss = 0.0344
2024-11-19 16:25:32,369 - INFO - Epoch 8: loss = 0.0129, val_loss = 0.0103
2024-11-19 16:25:32,369 - INFO - Epoch 9: loss = 0.0136, val_loss = 0.0075
2024-11-19 16:25:32,369 - INFO - Epoch 10: loss = 0.0118, val_loss = 0.0135
2024-11-19 16:25:32,369 - INFO - Epoch 11: loss = 0.0107, val_loss = 0.0242
2024-11-19 16:25:32,369 - INFO - Epoch 12: loss = 0.0102, val_loss = 0.0219
2024-11-19 16:25:32,369 - INFO - Epoch 13: loss = 0.0095, val_loss = 0.0117
2024-11-19 16:25:32,369 - INFO - Epoch 14: loss = 0.0086, val_loss = 0.0061
2024-11-19 16:25:32,369 - INFO - Epoch 15: loss = 0.0082, val_loss = 0.0050
2024-11-19 16:25:32,369 - INFO - Epoch 16: loss = 0.0078, val_loss = 0.0050
2024-11-19 16:25:32,369 - INFO - Epoch 17: loss = 0.0073, val_loss = 0.0050
2024-11-19 16:25:32,369 - INFO - Epoch 18: loss = 0.0070, val_loss = 0.0058
2024-11-19 16:25:32,369 - INFO - Epoch 19: loss = 0.0068, val_loss = 0.0087
2024-11-19 16:25:32,369 - INFO - Epoch 20: loss = 0.0066, val_loss = 0.0118
2024-11-19 16:25:32,369 - INFO - Epoch 21: loss = 0.0064, val_loss = 0.0117
2024-11-19 16:25:32,369 - INFO - Epoch 22: loss = 0.0063, val_loss = 0.0135
2024-11-19 16:25:32,369 - INFO - Epoch 23: loss = 0.0063, val_loss = 0.0170
2024-11-19 16:25:32,369 - INFO - Epoch 24: loss = 0.0065, val_loss = 0.0212
2024-11-19 16:25:32,369 - INFO - Epoch 25: loss = 0.0065, val_loss = 0.0147
2024-11-19 16:25:32,369 - INFO - Epoch 26: loss = 0.0065, val_loss = 0.0216
2024-11-19 16:25:32,369 - INFO - Epoch 27: loss = 0.0063, val_loss = 0.0178
2024-11-19 16:25:32,369 - INFO - Epoch 28: loss = 0.0065, val_loss = 0.0135
2024-11-19 16:25:32,369 - INFO - Epoch 29: loss = 0.0064, val_loss = 0.0200
2024-11-19 16:25:32,369 - INFO - Epoch 30: loss = 0.0063, val_loss = 0.0172
2024-11-19 16:25:32,369 - INFO - Epoch 31: loss = 0.0063, val_loss = 0.0146
2024-11-19 16:25:32,369 - INFO - Epoch 32: loss = 0.0063, val_loss = 0.0146
2024-11-19 16:25:32,369 - INFO - Epoch 33: loss = 0.0064, val_loss = 0.0137
2024-11-19 16:25:32,369 - INFO - Epoch 34: loss = 0.0063, val_loss = 0.0154
2024-11-19 16:25:32,369 - INFO - Epoch 35: loss = 0.0063, val_loss = 0.0162
2024-11-19 16:25:32,369 - INFO - Epoch 36: loss = 0.0063, val_loss = 0.0155
2024-11-19 16:25:32,369 - INFO - Epoch 37: loss = 0.0063, val_loss = 0.0128
2024-11-19 16:25:32,369 - INFO - Epoch 38: loss = 0.0065, val_loss = 0.0109
2024-11-19 16:25:32,369 - INFO - Epoch 39: loss = 0.0065, val_loss = 0.0193
2024-11-19 16:25:32,369 - INFO - Epoch 40: loss = 0.0064, val_loss = 0.0161
2024-11-19 16:25:32,369 - INFO - Epoch 41: loss = 0.0062, val_loss = 0.0110
2024-11-19 16:25:32,369 - INFO - Epoch 42: loss = 0.0063, val_loss = 0.0118
2024-11-19 16:25:32,369 - INFO - Epoch 43: loss = 0.0063, val_loss = 0.0116
2024-11-19 16:25:32,369 - INFO - Epoch 44: loss = 0.0063, val_loss = 0.0163
2024-11-19 16:25:32,369 - INFO - Epoch 45: loss = 0.0064, val_loss = 0.0168
2024-11-19 16:25:32,369 - INFO - Epoch 46: loss = 0.0062, val_loss = 0.0110
2024-11-19 16:25:32,369 - INFO - Epoch 47: loss = 0.0063, val_loss = 0.0101
2024-11-19 16:25:32,369 - INFO - Epoch 48: loss = 0.0063, val_loss = 0.0136
2024-11-19 16:25:32,369 - INFO - Epoch 49: loss = 0.0062, val_loss = 0.0149
2024-11-19 16:25:32,370 - INFO - Epoch 50: loss = 0.0063, val_loss = 0.0134
2024-11-19 16:25:32,370 - INFO - Making predictions
2024-11-19 16:25:35,021 - INFO - Model evaluation - MAE: 219.20, RMSE: 271.97
