2024-11-19 16:25:40,931 - INFO - Starting LSTM model script
2024-11-19 16:25:40,931 - INFO - Deleted old log file: logs/lstm_log_2024-11-19_16-22-57.log
2024-11-19 16:25:40,931 - INFO - Loading and preparing data
2024-11-19 16:25:48,062 - INFO - Data overview: count     181.000000
mean     1184.917127
std       358.869597
min       645.000000
25%       878.000000
50%      1099.000000
75%      1512.000000
max      1962.000000
Name: transaction_qty, dtype: float64
2024-11-19 16:25:48,062 - INFO - Sequence length set to: 10
2024-11-19 16:25:48,062 - INFO - Training data size: 136, Testing data size: 35
2024-11-19 16:25:48,102 - INFO - Model configuration:
2024-11-19 16:25:48,104 - INFO - Model: "sequential"
┏━━━━━━━━━━━━━━━━━━━━━━━━━━━━━━━━━━━━━━┳━━━━━━━━━━━━━━━━━━━━━━━━━━━━━┳━━━━━━━━━━━━━━━━━┓
┃ Layer (type)                         ┃ Output Shape                ┃         Param # ┃
┡━━━━━━━━━━━━━━━━━━━━━━━━━━━━━━━━━━━━━━╇━━━━━━━━━━━━━━━━━━━━━━━━━━━━━╇━━━━━━━━━━━━━━━━━┩
│ lstm (LSTM)                          │ (None, 50)                  │          10,400 │
├──────────────────────────────────────┼─────────────────────────────┼─────────────────┤
│ dense (Dense)                        │ (None, 1)                   │              51 │
└──────────────────────────────────────┴─────────────────────────────┴─────────────────┘
 Total params: 10,451 (40.82 KB)
 Trainable params: 10,451 (40.82 KB)
 Non-trainable params: 0 (0.00 B)

2024-11-19 16:25:48,104 - INFO - Starting model training
2024-11-19 16:25:50,863 - INFO - Training completed. Logging training history:
2024-11-19 16:25:50,863 - INFO - Epoch 1: loss = 0.1357, val_loss = 0.5920
2024-11-19 16:25:50,863 - INFO - Epoch 2: loss = 0.1132, val_loss = 0.4984
2024-11-19 16:25:50,863 - INFO - Epoch 3: loss = 0.0919, val_loss = 0.4168
2024-11-19 16:25:50,863 - INFO - Epoch 4: loss = 0.0743, val_loss = 0.3373
2024-11-19 16:25:50,863 - INFO - Epoch 5: loss = 0.0557, val_loss = 0.2595
2024-11-19 16:25:50,863 - INFO - Epoch 6: loss = 0.0403, val_loss = 0.1783
2024-11-19 16:25:50,863 - INFO - Epoch 7: loss = 0.0264, val_loss = 0.0967
2024-11-19 16:25:50,863 - INFO - Epoch 8: loss = 0.0157, val_loss = 0.0329
2024-11-19 16:25:50,863 - INFO - Epoch 9: loss = 0.0135, val_loss = 0.0072
2024-11-19 16:25:50,863 - INFO - Epoch 10: loss = 0.0164, val_loss = 0.0046
2024-11-19 16:25:50,863 - INFO - Epoch 11: loss = 0.0147, val_loss = 0.0075
2024-11-19 16:25:50,863 - INFO - Epoch 12: loss = 0.0118, val_loss = 0.0168
2024-11-19 16:25:50,863 - INFO - Epoch 13: loss = 0.0110, val_loss = 0.0236
2024-11-19 16:25:50,863 - INFO - Epoch 14: loss = 0.0107, val_loss = 0.0205
2024-11-19 16:25:50,863 - INFO - Epoch 15: loss = 0.0101, val_loss = 0.0127
2024-11-19 16:25:50,863 - INFO - Epoch 16: loss = 0.0091, val_loss = 0.0071
2024-11-19 16:25:50,864 - INFO - Epoch 17: loss = 0.0085, val_loss = 0.0049
2024-11-19 16:25:50,864 - INFO - Epoch 18: loss = 0.0078, val_loss = 0.0057
2024-11-19 16:25:50,864 - INFO - Epoch 19: loss = 0.0073, val_loss = 0.0069
2024-11-19 16:25:50,864 - INFO - Epoch 20: loss = 0.0069, val_loss = 0.0077
2024-11-19 16:25:50,864 - INFO - Epoch 21: loss = 0.0068, val_loss = 0.0105
2024-11-19 16:25:50,864 - INFO - Epoch 22: loss = 0.0065, val_loss = 0.0191
2024-11-19 16:25:50,864 - INFO - Epoch 23: loss = 0.0066, val_loss = 0.0259
2024-11-19 16:25:50,864 - INFO - Epoch 24: loss = 0.0065, val_loss = 0.0214
2024-11-19 16:25:50,864 - INFO - Epoch 25: loss = 0.0065, val_loss = 0.0194
2024-11-19 16:25:50,864 - INFO - Epoch 26: loss = 0.0065, val_loss = 0.0203
2024-11-19 16:25:50,864 - INFO - Epoch 27: loss = 0.0065, val_loss = 0.0205
2024-11-19 16:25:50,864 - INFO - Epoch 28: loss = 0.0066, val_loss = 0.0276
2024-11-19 16:25:50,864 - INFO - Epoch 29: loss = 0.0065, val_loss = 0.0195
2024-11-19 16:25:50,864 - INFO - Epoch 30: loss = 0.0065, val_loss = 0.0155
2024-11-19 16:25:50,864 - INFO - Epoch 31: loss = 0.0064, val_loss = 0.0178
2024-11-19 16:25:50,864 - INFO - Epoch 32: loss = 0.0065, val_loss = 0.0218
2024-11-19 16:25:50,864 - INFO - Epoch 33: loss = 0.0066, val_loss = 0.0145
2024-11-19 16:25:50,864 - INFO - Epoch 34: loss = 0.0064, val_loss = 0.0161
2024-11-19 16:25:50,864 - INFO - Epoch 35: loss = 0.0064, val_loss = 0.0184
2024-11-19 16:25:50,864 - INFO - Epoch 36: loss = 0.0064, val_loss = 0.0166
2024-11-19 16:25:50,864 - INFO - Epoch 37: loss = 0.0064, val_loss = 0.0151
2024-11-19 16:25:50,864 - INFO - Epoch 38: loss = 0.0064, val_loss = 0.0177
2024-11-19 16:25:50,864 - INFO - Epoch 39: loss = 0.0064, val_loss = 0.0148
2024-11-19 16:25:50,864 - INFO - Epoch 40: loss = 0.0064, val_loss = 0.0148
2024-11-19 16:25:50,864 - INFO - Epoch 41: loss = 0.0063, val_loss = 0.0156
2024-11-19 16:25:50,864 - INFO - Epoch 42: loss = 0.0063, val_loss = 0.0148
2024-11-19 16:25:50,864 - INFO - Epoch 43: loss = 0.0063, val_loss = 0.0143
2024-11-19 16:25:50,864 - INFO - Epoch 44: loss = 0.0063, val_loss = 0.0134
2024-11-19 16:25:50,864 - INFO - Epoch 45: loss = 0.0064, val_loss = 0.0145
2024-11-19 16:25:50,864 - INFO - Epoch 46: loss = 0.0063, val_loss = 0.0157
2024-11-19 16:25:50,864 - INFO - Epoch 47: loss = 0.0063, val_loss = 0.0138
2024-11-19 16:25:50,864 - INFO - Epoch 48: loss = 0.0063, val_loss = 0.0136
2024-11-19 16:25:50,864 - INFO - Epoch 49: loss = 0.0063, val_loss = 0.0131
2024-11-19 16:25:50,864 - INFO - Epoch 50: loss = 0.0063, val_loss = 0.0142
2024-11-19 16:25:50,864 - INFO - Making predictions
2024-11-19 16:25:59,423 - INFO - Model evaluation - MAE: 233.51, RMSE: 286.71
