2024-11-19 16:41:36,481 - INFO - Loading and preparing data
2024-11-19 16:41:43,810 - INFO - Iteration 1 starting with parameters: {'num_layers': 2, 'num_heads': 2, 'd_model': 32, 'dim_feedforward': 64, 'learning_rate': 0.001}
2024-11-19 16:41:44,391 - INFO - Iteration 1, Epoch 10/50, Loss: 0.0670
2024-11-19 16:41:44,491 - INFO - Iteration 1, Epoch 20/50, Loss: 0.0471
2024-11-19 16:41:44,587 - INFO - Iteration 1, Epoch 30/50, Loss: 0.0322
2024-11-19 16:41:44,682 - INFO - Iteration 1, Epoch 40/50, Loss: 0.0310
2024-11-19 16:41:44,777 - INFO - Iteration 1, Epoch 50/50, Loss: 0.0238
2024-11-19 16:41:44,781 - INFO - Iteration 1 - Evaluation results - MAE: 321.56, RMSE: 353.34
2024-11-19 16:41:44,781 - INFO - New best model found: {'num_layers': 3, 'num_heads': 4, 'd_model': 64, 'dim_feedforward': 128, 'learning_rate': 0.0005} with MAE: 321.56
2024-11-19 16:41:44,781 - INFO - Iteration 2 starting with parameters: {'num_layers': 3, 'num_heads': 4, 'd_model': 64, 'dim_feedforward': 128, 'learning_rate': 0.0005}
2024-11-19 16:41:45,148 - INFO - Iteration 2, Epoch 10/50, Loss: 0.2017
2024-11-19 16:41:45,421 - INFO - Iteration 2, Epoch 20/50, Loss: 0.0726
2024-11-19 16:41:45,762 - INFO - Iteration 2, Epoch 30/50, Loss: 0.0607
2024-11-19 16:41:46,034 - INFO - Iteration 2, Epoch 40/50, Loss: 0.0472
2024-11-19 16:41:46,299 - INFO - Iteration 2, Epoch 50/50, Loss: 0.0541
2024-11-19 16:41:46,302 - INFO - Iteration 2 - Evaluation results - MAE: 486.02, RMSE: 510.79
2024-11-19 16:41:46,302 - INFO - Iteration 3 starting with parameters: {'num_layers': 3, 'num_heads': 4, 'd_model': 64, 'dim_feedforward': 128, 'learning_rate': 0.0005}
2024-11-19 16:41:46,609 - INFO - Iteration 3, Epoch 10/50, Loss: 0.0945
2024-11-19 16:41:46,900 - INFO - Iteration 3, Epoch 20/50, Loss: 0.0721
2024-11-19 16:41:47,162 - INFO - Iteration 3, Epoch 30/50, Loss: 0.0528
2024-11-19 16:41:47,433 - INFO - Iteration 3, Epoch 40/50, Loss: 0.0451
2024-11-19 16:41:47,710 - INFO - Iteration 3, Epoch 50/50, Loss: 0.0380
2024-11-19 16:41:47,713 - INFO - Iteration 3 - Evaluation results - MAE: 405.55, RMSE: 435.07
2024-11-19 16:41:47,713 - INFO - Iteration 4 starting with parameters: {'num_layers': 3, 'num_heads': 4, 'd_model': 64, 'dim_feedforward': 128, 'learning_rate': 0.0005}
2024-11-19 16:41:48,001 - INFO - Iteration 4, Epoch 10/50, Loss: 0.1235
2024-11-19 16:41:48,286 - INFO - Iteration 4, Epoch 20/50, Loss: 0.0647
2024-11-19 16:41:48,628 - INFO - Iteration 4, Epoch 30/50, Loss: 0.0369
2024-11-19 16:41:48,904 - INFO - Iteration 4, Epoch 40/50, Loss: 0.0434
2024-11-19 16:41:49,171 - INFO - Iteration 4, Epoch 50/50, Loss: 0.0414
2024-11-19 16:41:49,174 - INFO - Iteration 4 - Evaluation results - MAE: 486.56, RMSE: 511.11
2024-11-19 16:41:49,174 - INFO - Iteration 5 starting with parameters: {'num_layers': 3, 'num_heads': 4, 'd_model': 64, 'dim_feedforward': 128, 'learning_rate': 0.0005}
2024-11-19 16:41:49,478 - INFO - Iteration 5, Epoch 10/50, Loss: 0.1127
2024-11-19 16:41:50,052 - INFO - Iteration 5, Epoch 20/50, Loss: 0.0473
2024-11-19 16:41:50,363 - INFO - Iteration 5, Epoch 30/50, Loss: 0.0458
2024-11-19 16:41:50,737 - INFO - Iteration 5, Epoch 40/50, Loss: 0.0396
2024-11-19 16:41:51,016 - INFO - Iteration 5, Epoch 50/50, Loss: 0.0371
2024-11-19 16:41:51,019 - INFO - Iteration 5 - Evaluation results - MAE: 471.36, RMSE: 496.68
2024-11-19 16:41:51,019 - INFO - Final best model parameters: {'num_layers': 3, 'num_heads': 4, 'd_model': 64, 'dim_feedforward': 128, 'learning_rate': 0.0005} with MAE: 321.56
