2024-11-19 16:44:33,039 - INFO - Deleted old log file: logs/transformer_log_2024-11-19_16-34-50.log
2024-11-19 16:44:33,039 - INFO - Loading and preparing data
2024-11-19 16:44:40,166 - INFO - Iteration 1 starting with parameters: {'num_layers': 2, 'num_heads': 2, 'd_model': 32, 'dim_feedforward': 64, 'learning_rate': 0.001}
2024-11-19 16:44:40,738 - INFO - Iteration 1, Epoch 10/50, Loss: 0.1403
2024-11-19 16:44:40,847 - INFO - Iteration 1, Epoch 20/50, Loss: 0.0801
2024-11-19 16:44:40,950 - INFO - Iteration 1, Epoch 30/50, Loss: 0.0630
2024-11-19 16:44:41,062 - INFO - Iteration 1, Epoch 40/50, Loss: 0.0473
2024-11-19 16:44:41,164 - INFO - Iteration 1, Epoch 50/50, Loss: 0.0426
2024-11-19 16:44:41,169 - INFO - Iteration 1 - Evaluation results - MAE: 428.38, RMSE: 456.30
2024-11-19 16:44:41,169 - INFO - New best model found: {'num_layers': 3, 'num_heads': 4, 'd_model': 64, 'dim_feedforward': 128, 'learning_rate': 0.0005} with RMSE: 456.30
2024-11-19 16:44:41,169 - INFO - Iteration 2 starting with parameters: {'num_layers': 3, 'num_heads': 4, 'd_model': 64, 'dim_feedforward': 128, 'learning_rate': 0.0005}
2024-11-19 16:44:41,455 - INFO - Iteration 2, Epoch 10/50, Loss: 0.0623
2024-11-19 16:44:41,746 - INFO - Iteration 2, Epoch 20/50, Loss: 0.0607
2024-11-19 16:44:42,055 - INFO - Iteration 2, Epoch 30/50, Loss: 0.0473
2024-11-19 16:44:42,390 - INFO - Iteration 2, Epoch 40/50, Loss: 0.0482
2024-11-19 16:44:42,697 - INFO - Iteration 2, Epoch 50/50, Loss: 0.0362
2024-11-19 16:44:42,700 - INFO - Iteration 2 - Evaluation results - MAE: 435.91, RMSE: 463.20
2024-11-19 16:44:42,700 - INFO - Iteration 3 starting with parameters: {'num_layers': 3, 'num_heads': 4, 'd_model': 64, 'dim_feedforward': 128, 'learning_rate': 0.0005}
2024-11-19 16:44:42,982 - INFO - Iteration 3, Epoch 10/50, Loss: 0.0659
2024-11-19 16:44:43,337 - INFO - Iteration 3, Epoch 20/50, Loss: 0.0447
2024-11-19 16:44:43,650 - INFO - Iteration 3, Epoch 30/50, Loss: 0.0458
2024-11-19 16:44:43,988 - INFO - Iteration 3, Epoch 40/50, Loss: 0.0371
2024-11-19 16:44:44,266 - INFO - Iteration 3, Epoch 50/50, Loss: 0.0299
2024-11-19 16:44:44,269 - INFO - Iteration 3 - Evaluation results - MAE: 406.08, RMSE: 435.81
2024-11-19 16:44:44,270 - INFO - New best model found: {'num_layers': 4, 'num_heads': 6, 'd_model': 128, 'dim_feedforward': 256, 'learning_rate': 0.00025} with RMSE: 435.81
2024-11-19 16:44:44,270 - INFO - Iteration 4 starting with parameters: {'num_layers': 4, 'num_heads': 6, 'd_model': 128, 'dim_feedforward': 256, 'learning_rate': 0.00025}
