2024-11-19 17:30:40,806 - INFO - Deleted old log file: logs/transformer_log_2024-11-19_16-39-02.log
2024-11-19 17:30:40,806 - INFO - Loading and preparing data
2024-11-19 17:30:48,084 - INFO - Iteration 1 starting with parameters: {'num_layers': 2, 'num_heads': 2, 'd_model': 32, 'dim_feedforward': 64, 'learning_rate': 0.001}
2024-11-19 17:30:48,784 - INFO - Iteration 1, Epoch 10/50, Loss: 0.0732
2024-11-19 17:30:48,905 - INFO - Iteration 1, Epoch 20/50, Loss: 0.0344
2024-11-19 17:30:49,091 - INFO - Iteration 1, Epoch 30/50, Loss: 0.0273
2024-11-19 17:30:49,195 - INFO - Iteration 1, Epoch 40/50, Loss: 0.0184
2024-11-19 17:30:49,296 - INFO - Iteration 1, Epoch 50/50, Loss: 0.0237
2024-11-19 17:30:49,300 - INFO - Iteration 1 - Evaluation results - MAE: 285.93, RMSE: 320.65
2024-11-19 17:30:49,300 - INFO - New best model found: {'num_layers': 3, 'num_heads': 4, 'd_model': 64, 'dim_feedforward': 128, 'learning_rate': 0.0005} with RMSE: 320.65
2024-11-19 17:30:49,300 - INFO - Iteration 2 starting with parameters: {'num_layers': 3, 'num_heads': 4, 'd_model': 64, 'dim_feedforward': 128, 'learning_rate': 0.0005}
2024-11-19 17:30:49,579 - INFO - Iteration 2, Epoch 10/50, Loss: 0.0683
2024-11-19 17:30:49,867 - INFO - Iteration 2, Epoch 20/50, Loss: 0.0632
2024-11-19 17:30:50,294 - INFO - Iteration 2, Epoch 30/50, Loss: 0.0588
2024-11-19 17:30:50,629 - INFO - Iteration 2, Epoch 40/50, Loss: 0.0492
2024-11-19 17:30:50,949 - INFO - Iteration 2, Epoch 50/50, Loss: 0.0522
2024-11-19 17:30:50,952 - INFO - Iteration 2 - Evaluation results - MAE: 541.34, RMSE: 563.71
2024-11-19 17:30:50,952 - INFO - Iteration 3 starting with parameters: {'num_layers': 3, 'num_heads': 4, 'd_model': 64, 'dim_feedforward': 128, 'learning_rate': 0.0005}
2024-11-19 17:30:51,392 - INFO - Iteration 3, Epoch 10/50, Loss: 0.0776
2024-11-19 17:30:51,737 - INFO - Iteration 3, Epoch 20/50, Loss: 0.0407
2024-11-19 17:30:52,194 - INFO - Iteration 3, Epoch 30/50, Loss: 0.0462
2024-11-19 17:30:52,843 - INFO - Iteration 3, Epoch 40/50, Loss: 0.0328
2024-11-19 17:30:53,301 - INFO - Iteration 3, Epoch 50/50, Loss: 0.0317
2024-11-19 17:30:53,307 - INFO - Iteration 3 - Evaluation results - MAE: 297.62, RMSE: 331.60
2024-11-19 17:30:53,307 - INFO - Iteration 4 starting with parameters: {'num_layers': 3, 'num_heads': 4, 'd_model': 64, 'dim_feedforward': 128, 'learning_rate': 0.0005}
2024-11-19 17:30:53,649 - INFO - Iteration 4, Epoch 10/50, Loss: 0.0521
2024-11-19 17:30:54,017 - INFO - Iteration 4, Epoch 20/50, Loss: 0.0565
2024-11-19 17:30:54,393 - INFO - Iteration 4, Epoch 30/50, Loss: 0.0475
2024-11-19 17:30:54,776 - INFO - Iteration 4, Epoch 40/50, Loss: 0.0407
2024-11-19 17:30:55,137 - INFO - Iteration 4, Epoch 50/50, Loss: 0.0341
2024-11-19 17:30:55,141 - INFO - Iteration 4 - Evaluation results - MAE: 459.62, RMSE: 486.00
2024-11-19 17:30:55,141 - INFO - Iteration 5 starting with parameters: {'num_layers': 3, 'num_heads': 4, 'd_model': 64, 'dim_feedforward': 128, 'learning_rate': 0.0005}
2024-11-19 17:30:55,592 - INFO - Iteration 5, Epoch 10/50, Loss: 0.0979
2024-11-19 17:30:55,928 - INFO - Iteration 5, Epoch 20/50, Loss: 0.0722
2024-11-19 17:30:56,241 - INFO - Iteration 5, Epoch 30/50, Loss: 0.0610
2024-11-19 17:30:56,566 - INFO - Iteration 5, Epoch 40/50, Loss: 0.0526
2024-11-19 17:30:56,840 - INFO - Iteration 5, Epoch 50/50, Loss: 0.0509
2024-11-19 17:30:56,843 - INFO - Iteration 5 - Evaluation results - MAE: 583.22, RMSE: 604.06
2024-11-19 17:30:56,843 - INFO - Iteration 6 starting with parameters: {'num_layers': 3, 'num_heads': 4, 'd_model': 64, 'dim_feedforward': 128, 'learning_rate': 0.0005}
2024-11-19 17:30:57,285 - INFO - Iteration 6, Epoch 10/50, Loss: 0.1213
2024-11-19 17:30:57,656 - INFO - Iteration 6, Epoch 20/50, Loss: 0.0505
2024-11-19 17:30:57,940 - INFO - Iteration 6, Epoch 30/50, Loss: 0.0531
2024-11-19 17:30:58,277 - INFO - Iteration 6, Epoch 40/50, Loss: 0.0482
2024-11-19 17:30:58,577 - INFO - Iteration 6, Epoch 50/50, Loss: 0.0444
2024-11-19 17:30:58,581 - INFO - Iteration 6 - Evaluation results - MAE: 477.54, RMSE: 502.94
2024-11-19 17:30:58,581 - INFO - Iteration 7 starting with parameters: {'num_layers': 3, 'num_heads': 4, 'd_model': 64, 'dim_feedforward': 128, 'learning_rate': 0.0005}
2024-11-19 17:30:58,909 - INFO - Iteration 7, Epoch 10/50, Loss: 0.0805
2024-11-19 17:30:59,234 - INFO - Iteration 7, Epoch 20/50, Loss: 0.0665
2024-11-19 17:30:59,610 - INFO - Iteration 7, Epoch 30/50, Loss: 0.0500
2024-11-19 17:30:59,986 - INFO - Iteration 7, Epoch 40/50, Loss: 0.0572
2024-11-19 17:31:00,346 - INFO - Iteration 7, Epoch 50/50, Loss: 0.0504
2024-11-19 17:31:00,351 - INFO - Iteration 7 - Evaluation results - MAE: 550.47, RMSE: 572.48
2024-11-19 17:31:00,351 - INFO - Iteration 8 starting with parameters: {'num_layers': 3, 'num_heads': 4, 'd_model': 64, 'dim_feedforward': 128, 'learning_rate': 0.0005}
2024-11-19 17:31:00,683 - INFO - Iteration 8, Epoch 10/50, Loss: 0.0983
2024-11-19 17:31:01,055 - INFO - Iteration 8, Epoch 20/50, Loss: 0.0504
2024-11-19 17:31:01,526 - INFO - Iteration 8, Epoch 30/50, Loss: 0.0518
2024-11-19 17:31:01,840 - INFO - Iteration 8, Epoch 40/50, Loss: 0.0391
2024-11-19 17:31:02,147 - INFO - Iteration 8, Epoch 50/50, Loss: 0.0348
2024-11-19 17:31:02,151 - INFO - Iteration 8 - Evaluation results - MAE: 380.71, RMSE: 411.46
2024-11-19 17:31:02,151 - INFO - Iteration 9 starting with parameters: {'num_layers': 3, 'num_heads': 4, 'd_model': 64, 'dim_feedforward': 128, 'learning_rate': 0.0005}
2024-11-19 17:31:02,472 - INFO - Iteration 9, Epoch 10/50, Loss: 0.1280
2024-11-19 17:31:02,845 - INFO - Iteration 9, Epoch 20/50, Loss: 0.0764
2024-11-19 17:31:03,239 - INFO - Iteration 9, Epoch 30/50, Loss: 0.0589
2024-11-19 17:31:03,728 - INFO - Iteration 9, Epoch 40/50, Loss: 0.0488
2024-11-19 17:31:04,094 - INFO - Iteration 9, Epoch 50/50, Loss: 0.0511
2024-11-19 17:31:04,097 - INFO - Iteration 9 - Evaluation results - MAE: 562.11, RMSE: 583.75
2024-11-19 17:31:04,097 - INFO - Iteration 10 starting with parameters: {'num_layers': 3, 'num_heads': 4, 'd_model': 64, 'dim_feedforward': 128, 'learning_rate': 0.0005}
2024-11-19 17:31:04,627 - INFO - Iteration 10, Epoch 10/50, Loss: 0.0701
2024-11-19 17:31:05,094 - INFO - Iteration 10, Epoch 20/50, Loss: 0.0532
2024-11-19 17:31:05,470 - INFO - Iteration 10, Epoch 30/50, Loss: 0.0546
2024-11-19 17:31:05,997 - INFO - Iteration 10, Epoch 40/50, Loss: 0.0530
2024-11-19 17:31:06,392 - INFO - Iteration 10, Epoch 50/50, Loss: 0.0466
2024-11-19 17:31:06,395 - INFO - Iteration 10 - Evaluation results - MAE: 569.94, RMSE: 591.27
2024-11-19 17:31:06,395 - INFO - Iteration 11 starting with parameters: {'num_layers': 3, 'num_heads': 4, 'd_model': 64, 'dim_feedforward': 128, 'learning_rate': 0.0005}
2024-11-19 17:31:06,738 - INFO - Iteration 11, Epoch 10/50, Loss: 0.0588
2024-11-19 17:31:07,040 - INFO - Iteration 11, Epoch 20/50, Loss: 0.0489
2024-11-19 17:31:07,400 - INFO - Iteration 11, Epoch 30/50, Loss: 0.0411
2024-11-19 17:31:07,738 - INFO - Iteration 11, Epoch 40/50, Loss: 0.0317
2024-11-19 17:31:08,038 - INFO - Iteration 11, Epoch 50/50, Loss: 0.0249
2024-11-19 17:31:08,041 - INFO - Iteration 11 - Evaluation results - MAE: 335.85, RMSE: 366.84
2024-11-19 17:31:08,041 - INFO - Iteration 12 starting with parameters: {'num_layers': 3, 'num_heads': 4, 'd_model': 64, 'dim_feedforward': 128, 'learning_rate': 0.0005}
2024-11-19 17:31:08,330 - INFO - Iteration 12, Epoch 10/50, Loss: 0.0640
2024-11-19 17:31:08,650 - INFO - Iteration 12, Epoch 20/50, Loss: 0.0568
2024-11-19 17:31:09,336 - INFO - Iteration 12, Epoch 30/50, Loss: 0.0537
2024-11-19 17:31:09,791 - INFO - Iteration 12, Epoch 40/50, Loss: 0.0467
2024-11-19 17:31:10,123 - INFO - Iteration 12, Epoch 50/50, Loss: 0.0422
2024-11-19 17:31:10,139 - INFO - Iteration 12 - Evaluation results - MAE: 501.86, RMSE: 526.05
2024-11-19 17:31:10,140 - INFO - Iteration 13 starting with parameters: {'num_layers': 3, 'num_heads': 4, 'd_model': 64, 'dim_feedforward': 128, 'learning_rate': 0.0005}
2024-11-19 17:31:10,594 - INFO - Iteration 13, Epoch 10/50, Loss: 0.0978
2024-11-19 17:31:10,922 - INFO - Iteration 13, Epoch 20/50, Loss: 0.0583
2024-11-19 17:31:11,239 - INFO - Iteration 13, Epoch 30/50, Loss: 0.0572
2024-11-19 17:31:11,543 - INFO - Iteration 13, Epoch 40/50, Loss: 0.0538
2024-11-19 17:31:11,886 - INFO - Iteration 13, Epoch 50/50, Loss: 0.0417
2024-11-19 17:31:11,889 - INFO - Iteration 13 - Evaluation results - MAE: 496.13, RMSE: 520.41
2024-11-19 17:31:11,889 - INFO - Iteration 14 starting with parameters: {'num_layers': 3, 'num_heads': 4, 'd_model': 64, 'dim_feedforward': 128, 'learning_rate': 0.0005}
2024-11-19 17:31:12,199 - INFO - Iteration 14, Epoch 10/50, Loss: 0.0960
2024-11-19 17:31:12,512 - INFO - Iteration 14, Epoch 20/50, Loss: 0.0568
2024-11-19 17:31:12,808 - INFO - Iteration 14, Epoch 30/50, Loss: 0.0555
2024-11-19 17:31:13,096 - INFO - Iteration 14, Epoch 40/50, Loss: 0.0499
2024-11-19 17:31:13,374 - INFO - Iteration 14, Epoch 50/50, Loss: 0.0367
2024-11-19 17:31:13,377 - INFO - Iteration 14 - Evaluation results - MAE: 475.75, RMSE: 501.29
2024-11-19 17:31:13,377 - INFO - Iteration 15 starting with parameters: {'num_layers': 3, 'num_heads': 4, 'd_model': 64, 'dim_feedforward': 128, 'learning_rate': 0.0005}
2024-11-19 17:31:13,665 - INFO - Iteration 15, Epoch 10/50, Loss: 0.0842
2024-11-19 17:31:14,052 - INFO - Iteration 15, Epoch 20/50, Loss: 0.0491
2024-11-19 17:31:14,398 - INFO - Iteration 15, Epoch 30/50, Loss: 0.0472
2024-11-19 17:31:14,711 - INFO - Iteration 15, Epoch 40/50, Loss: 0.0385
2024-11-19 17:31:14,999 - INFO - Iteration 15, Epoch 50/50, Loss: 0.0376
2024-11-19 17:31:15,003 - INFO - Iteration 15 - Evaluation results - MAE: 495.18, RMSE: 519.61
2024-11-19 17:31:15,003 - INFO - Iteration 16 starting with parameters: {'num_layers': 3, 'num_heads': 4, 'd_model': 64, 'dim_feedforward': 128, 'learning_rate': 0.0005}
2024-11-19 17:31:15,298 - INFO - Iteration 16, Epoch 10/50, Loss: 0.0672
2024-11-19 17:31:15,593 - INFO - Iteration 16, Epoch 20/50, Loss: 0.0598
2024-11-19 17:31:15,957 - INFO - Iteration 16, Epoch 30/50, Loss: 0.0473
2024-11-19 17:31:16,249 - INFO - Iteration 16, Epoch 40/50, Loss: 0.0397
2024-11-19 17:31:16,532 - INFO - Iteration 16, Epoch 50/50, Loss: 0.0337
2024-11-19 17:31:16,535 - INFO - Iteration 16 - Evaluation results - MAE: 428.45, RMSE: 456.12
2024-11-19 17:31:16,535 - INFO - Iteration 17 starting with parameters: {'num_layers': 3, 'num_heads': 4, 'd_model': 64, 'dim_feedforward': 128, 'learning_rate': 0.0005}
2024-11-19 17:31:16,841 - INFO - Iteration 17, Epoch 10/50, Loss: 0.1572
2024-11-19 17:31:17,128 - INFO - Iteration 17, Epoch 20/50, Loss: 0.0522
2024-11-19 17:31:17,437 - INFO - Iteration 17, Epoch 30/50, Loss: 0.0523
2024-11-19 17:31:17,725 - INFO - Iteration 17, Epoch 40/50, Loss: 0.0498
2024-11-19 17:31:18,067 - INFO - Iteration 17, Epoch 50/50, Loss: 0.0482
2024-11-19 17:31:18,069 - INFO - Iteration 17 - Evaluation results - MAE: 539.60, RMSE: 562.06
2024-11-19 17:31:18,070 - INFO - Iteration 18 starting with parameters: {'num_layers': 3, 'num_heads': 4, 'd_model': 64, 'dim_feedforward': 128, 'learning_rate': 0.0005}
2024-11-19 17:31:18,356 - INFO - Iteration 18, Epoch 10/50, Loss: 0.0866
2024-11-19 17:31:18,658 - INFO - Iteration 18, Epoch 20/50, Loss: 0.0586
2024-11-19 17:31:18,968 - INFO - Iteration 18, Epoch 30/50, Loss: 0.0559
2024-11-19 17:31:19,291 - INFO - Iteration 18, Epoch 40/50, Loss: 0.0423
2024-11-19 17:31:19,589 - INFO - Iteration 18, Epoch 50/50, Loss: 0.0380
2024-11-19 17:31:19,593 - INFO - Iteration 18 - Evaluation results - MAE: 447.55, RMSE: 474.68
2024-11-19 17:31:19,593 - INFO - Iteration 19 starting with parameters: {'num_layers': 3, 'num_heads': 4, 'd_model': 64, 'dim_feedforward': 128, 'learning_rate': 0.0005}
2024-11-19 17:31:19,888 - INFO - Iteration 19, Epoch 10/50, Loss: 0.0874
2024-11-19 17:31:20,199 - INFO - Iteration 19, Epoch 20/50, Loss: 0.0707
2024-11-19 17:31:20,500 - INFO - Iteration 19, Epoch 30/50, Loss: 0.0482
2024-11-19 17:31:20,784 - INFO - Iteration 19, Epoch 40/50, Loss: 0.0417
2024-11-19 17:31:21,100 - INFO - Iteration 19, Epoch 50/50, Loss: 0.0376
2024-11-19 17:31:21,103 - INFO - Iteration 19 - Evaluation results - MAE: 433.68, RMSE: 461.45
2024-11-19 17:31:21,103 - INFO - Iteration 20 starting with parameters: {'num_layers': 3, 'num_heads': 4, 'd_model': 64, 'dim_feedforward': 128, 'learning_rate': 0.0005}
2024-11-19 17:31:21,392 - INFO - Iteration 20, Epoch 10/50, Loss: 0.0808
2024-11-19 17:31:21,718 - INFO - Iteration 20, Epoch 20/50, Loss: 0.0602
2024-11-19 17:31:22,129 - INFO - Iteration 20, Epoch 30/50, Loss: 0.0507
2024-11-19 17:31:22,446 - INFO - Iteration 20, Epoch 40/50, Loss: 0.0432
2024-11-19 17:31:22,748 - INFO - Iteration 20, Epoch 50/50, Loss: 0.0390
2024-11-19 17:31:22,753 - INFO - Iteration 20 - Evaluation results - MAE: 417.74, RMSE: 446.65
2024-11-19 17:31:22,753 - INFO - Iteration 21 starting with parameters: {'num_layers': 3, 'num_heads': 4, 'd_model': 64, 'dim_feedforward': 128, 'learning_rate': 0.0005}
2024-11-19 17:31:23,056 - INFO - Iteration 21, Epoch 10/50, Loss: 0.0967
2024-11-19 17:31:23,333 - INFO - Iteration 21, Epoch 20/50, Loss: 0.0733
2024-11-19 17:31:23,623 - INFO - Iteration 21, Epoch 30/50, Loss: 0.0469
2024-11-19 17:31:23,966 - INFO - Iteration 21, Epoch 40/50, Loss: 0.0470
2024-11-19 17:31:24,295 - INFO - Iteration 21, Epoch 50/50, Loss: 0.0416
2024-11-19 17:31:24,297 - INFO - Iteration 21 - Evaluation results - MAE: 505.40, RMSE: 529.23
2024-11-19 17:31:24,297 - INFO - Iteration 22 starting with parameters: {'num_layers': 3, 'num_heads': 4, 'd_model': 64, 'dim_feedforward': 128, 'learning_rate': 0.0005}
2024-11-19 17:31:24,586 - INFO - Iteration 22, Epoch 10/50, Loss: 0.0704
2024-11-19 17:31:24,900 - INFO - Iteration 22, Epoch 20/50, Loss: 0.0590
2024-11-19 17:31:25,240 - INFO - Iteration 22, Epoch 30/50, Loss: 0.0427
2024-11-19 17:31:25,575 - INFO - Iteration 22, Epoch 40/50, Loss: 0.0467
2024-11-19 17:31:25,890 - INFO - Iteration 22, Epoch 50/50, Loss: 0.0400
2024-11-19 17:31:25,893 - INFO - Iteration 22 - Evaluation results - MAE: 491.57, RMSE: 516.09
2024-11-19 17:31:25,894 - INFO - Iteration 23 starting with parameters: {'num_layers': 3, 'num_heads': 4, 'd_model': 64, 'dim_feedforward': 128, 'learning_rate': 0.0005}
2024-11-19 17:31:26,249 - INFO - Iteration 23, Epoch 10/50, Loss: 0.0582
2024-11-19 17:31:26,528 - INFO - Iteration 23, Epoch 20/50, Loss: 0.0625
2024-11-19 17:31:26,842 - INFO - Iteration 23, Epoch 30/50, Loss: 0.0562
2024-11-19 17:31:27,128 - INFO - Iteration 23, Epoch 40/50, Loss: 0.0591
2024-11-19 17:31:27,430 - INFO - Iteration 23, Epoch 50/50, Loss: 0.0519
2024-11-19 17:31:27,433 - INFO - Iteration 23 - Evaluation results - MAE: 517.00, RMSE: 540.42
2024-11-19 17:31:27,433 - INFO - Iteration 24 starting with parameters: {'num_layers': 3, 'num_heads': 4, 'd_model': 64, 'dim_feedforward': 128, 'learning_rate': 0.0005}
2024-11-19 17:31:27,761 - INFO - Iteration 24, Epoch 10/50, Loss: 0.1601
2024-11-19 17:31:28,108 - INFO - Iteration 24, Epoch 20/50, Loss: 0.0742
2024-11-19 17:31:28,441 - INFO - Iteration 24, Epoch 30/50, Loss: 0.0538
2024-11-19 17:31:28,831 - INFO - Iteration 24, Epoch 40/50, Loss: 0.0512
2024-11-19 17:31:29,178 - INFO - Iteration 24, Epoch 50/50, Loss: 0.0431
2024-11-19 17:31:29,181 - INFO - Iteration 24 - Evaluation results - MAE: 462.38, RMSE: 488.44
2024-11-19 17:31:29,181 - INFO - Iteration 25 starting with parameters: {'num_layers': 3, 'num_heads': 4, 'd_model': 64, 'dim_feedforward': 128, 'learning_rate': 0.0005}
2024-11-19 17:31:29,497 - INFO - Iteration 25, Epoch 10/50, Loss: 0.0631
2024-11-19 17:31:29,795 - INFO - Iteration 25, Epoch 20/50, Loss: 0.0533
2024-11-19 17:31:30,119 - INFO - Iteration 25, Epoch 30/50, Loss: 0.0525
2024-11-19 17:31:30,446 - INFO - Iteration 25, Epoch 40/50, Loss: 0.0433
2024-11-19 17:31:30,811 - INFO - Iteration 25, Epoch 50/50, Loss: 0.0325
2024-11-19 17:31:30,815 - INFO - Iteration 25 - Evaluation results - MAE: 403.90, RMSE: 433.33
2024-11-19 17:31:30,815 - INFO - Iteration 26 starting with parameters: {'num_layers': 3, 'num_heads': 4, 'd_model': 64, 'dim_feedforward': 128, 'learning_rate': 0.0005}
2024-11-19 17:31:31,158 - INFO - Iteration 26, Epoch 10/50, Loss: 0.0571
2024-11-19 17:31:31,521 - INFO - Iteration 26, Epoch 20/50, Loss: 0.0638
2024-11-19 17:31:31,885 - INFO - Iteration 26, Epoch 30/50, Loss: 0.0474
2024-11-19 17:31:32,312 - INFO - Iteration 26, Epoch 40/50, Loss: 0.0449
2024-11-19 17:31:32,694 - INFO - Iteration 26, Epoch 50/50, Loss: 0.0398
2024-11-19 17:31:32,698 - INFO - Iteration 26 - Evaluation results - MAE: 415.09, RMSE: 444.37
2024-11-19 17:31:32,698 - INFO - Iteration 27 starting with parameters: {'num_layers': 3, 'num_heads': 4, 'd_model': 64, 'dim_feedforward': 128, 'learning_rate': 0.0005}
2024-11-19 17:31:33,037 - INFO - Iteration 27, Epoch 10/50, Loss: 0.1586
2024-11-19 17:31:33,466 - INFO - Iteration 27, Epoch 20/50, Loss: 0.0801
2024-11-19 17:31:33,794 - INFO - Iteration 27, Epoch 30/50, Loss: 0.0622
2024-11-19 17:31:34,560 - INFO - Iteration 27, Epoch 40/50, Loss: 0.0497
2024-11-19 17:31:34,963 - INFO - Iteration 27, Epoch 50/50, Loss: 0.0480
2024-11-19 17:31:34,969 - INFO - Iteration 27 - Evaluation results - MAE: 477.20, RMSE: 502.41
2024-11-19 17:31:34,970 - INFO - Iteration 28 starting with parameters: {'num_layers': 3, 'num_heads': 4, 'd_model': 64, 'dim_feedforward': 128, 'learning_rate': 0.0005}
2024-11-19 17:31:35,307 - INFO - Iteration 28, Epoch 10/50, Loss: 0.0654
2024-11-19 17:31:35,672 - INFO - Iteration 28, Epoch 20/50, Loss: 0.0527
2024-11-19 17:31:36,006 - INFO - Iteration 28, Epoch 30/50, Loss: 0.0438
2024-11-19 17:31:36,318 - INFO - Iteration 28, Epoch 40/50, Loss: 0.0372
2024-11-19 17:31:36,922 - INFO - Iteration 28, Epoch 50/50, Loss: 0.0287
2024-11-19 17:31:36,927 - INFO - Iteration 28 - Evaluation results - MAE: 326.98, RMSE: 358.85
2024-11-19 17:31:36,927 - INFO - Iteration 29 starting with parameters: {'num_layers': 3, 'num_heads': 4, 'd_model': 64, 'dim_feedforward': 128, 'learning_rate': 0.0005}
2024-11-19 17:31:37,313 - INFO - Iteration 29, Epoch 10/50, Loss: 0.1033
2024-11-19 17:31:37,693 - INFO - Iteration 29, Epoch 20/50, Loss: 0.0591
2024-11-19 17:31:38,069 - INFO - Iteration 29, Epoch 30/50, Loss: 0.0535
2024-11-19 17:31:38,385 - INFO - Iteration 29, Epoch 40/50, Loss: 0.0467
2024-11-19 17:31:38,734 - INFO - Iteration 29, Epoch 50/50, Loss: 0.0459
2024-11-19 17:31:38,737 - INFO - Iteration 29 - Evaluation results - MAE: 429.32, RMSE: 457.24
2024-11-19 17:31:38,737 - INFO - Iteration 30 starting with parameters: {'num_layers': 3, 'num_heads': 4, 'd_model': 64, 'dim_feedforward': 128, 'learning_rate': 0.0005}
2024-11-19 17:31:39,027 - INFO - Iteration 30, Epoch 10/50, Loss: 0.1505
2024-11-19 17:31:39,363 - INFO - Iteration 30, Epoch 20/50, Loss: 0.0518
2024-11-19 17:31:39,780 - INFO - Iteration 30, Epoch 30/50, Loss: 0.0560
2024-11-19 17:31:40,131 - INFO - Iteration 30, Epoch 40/50, Loss: 0.0509
2024-11-19 17:31:40,421 - INFO - Iteration 30, Epoch 50/50, Loss: 0.0451
2024-11-19 17:31:40,424 - INFO - Iteration 30 - Evaluation results - MAE: 457.52, RMSE: 483.67
2024-11-19 17:31:40,424 - INFO - Iteration 31 starting with parameters: {'num_layers': 3, 'num_heads': 4, 'd_model': 64, 'dim_feedforward': 128, 'learning_rate': 0.0005}
2024-11-19 17:31:40,834 - INFO - Iteration 31, Epoch 10/50, Loss: 0.0611
2024-11-19 17:31:41,172 - INFO - Iteration 31, Epoch 20/50, Loss: 0.0509
2024-11-19 17:31:41,512 - INFO - Iteration 31, Epoch 30/50, Loss: 0.0438
2024-11-19 17:31:41,814 - INFO - Iteration 31, Epoch 40/50, Loss: 0.0348
2024-11-19 17:31:42,170 - INFO - Iteration 31, Epoch 50/50, Loss: 0.0331
2024-11-19 17:31:42,174 - INFO - Iteration 31 - Evaluation results - MAE: 342.58, RMSE: 374.09
2024-11-19 17:31:42,174 - INFO - Iteration 32 starting with parameters: {'num_layers': 3, 'num_heads': 4, 'd_model': 64, 'dim_feedforward': 128, 'learning_rate': 0.0005}
2024-11-19 17:31:42,482 - INFO - Iteration 32, Epoch 10/50, Loss: 0.0878
2024-11-19 17:31:42,838 - INFO - Iteration 32, Epoch 20/50, Loss: 0.0654
2024-11-19 17:31:43,173 - INFO - Iteration 32, Epoch 30/50, Loss: 0.0520
2024-11-19 17:31:43,586 - INFO - Iteration 32, Epoch 40/50, Loss: 0.0436
2024-11-19 17:31:43,934 - INFO - Iteration 32, Epoch 50/50, Loss: 0.0408
2024-11-19 17:31:43,937 - INFO - Iteration 32 - Evaluation results - MAE: 476.82, RMSE: 502.04
2024-11-19 17:31:43,937 - INFO - Iteration 33 starting with parameters: {'num_layers': 3, 'num_heads': 4, 'd_model': 64, 'dim_feedforward': 128, 'learning_rate': 0.0005}
2024-11-19 17:31:44,268 - INFO - Iteration 33, Epoch 10/50, Loss: 0.0684
2024-11-19 17:31:44,576 - INFO - Iteration 33, Epoch 20/50, Loss: 0.0714
2024-11-19 17:31:44,987 - INFO - Iteration 33, Epoch 30/50, Loss: 0.0481
2024-11-19 17:31:45,324 - INFO - Iteration 33, Epoch 40/50, Loss: 0.0501
2024-11-19 17:31:45,754 - INFO - Iteration 33, Epoch 50/50, Loss: 0.0326
2024-11-19 17:31:45,758 - INFO - Iteration 33 - Evaluation results - MAE: 371.25, RMSE: 402.50
2024-11-19 17:31:45,758 - INFO - Iteration 34 starting with parameters: {'num_layers': 3, 'num_heads': 4, 'd_model': 64, 'dim_feedforward': 128, 'learning_rate': 0.0005}
2024-11-19 17:31:46,098 - INFO - Iteration 34, Epoch 10/50, Loss: 0.1128
2024-11-19 17:31:46,379 - INFO - Iteration 34, Epoch 20/50, Loss: 0.0506
2024-11-19 17:31:46,697 - INFO - Iteration 34, Epoch 30/50, Loss: 0.0575
2024-11-19 17:31:47,044 - INFO - Iteration 34, Epoch 40/50, Loss: 0.0503
2024-11-19 17:31:47,403 - INFO - Iteration 34, Epoch 50/50, Loss: 0.0445
2024-11-19 17:31:47,407 - INFO - Iteration 34 - Evaluation results - MAE: 496.65, RMSE: 521.34
2024-11-19 17:31:47,407 - INFO - Iteration 35 starting with parameters: {'num_layers': 3, 'num_heads': 4, 'd_model': 64, 'dim_feedforward': 128, 'learning_rate': 0.0005}
2024-11-19 17:31:47,736 - INFO - Iteration 35, Epoch 10/50, Loss: 0.1078
2024-11-19 17:31:48,054 - INFO - Iteration 35, Epoch 20/50, Loss: 0.0906
2024-11-19 17:31:48,398 - INFO - Iteration 35, Epoch 30/50, Loss: 0.0808
2024-11-19 17:31:48,727 - INFO - Iteration 35, Epoch 40/50, Loss: 0.0626
2024-11-19 17:31:49,130 - INFO - Iteration 35, Epoch 50/50, Loss: 0.0596
2024-11-19 17:31:49,135 - INFO - Iteration 35 - Evaluation results - MAE: 499.68, RMSE: 523.94
2024-11-19 17:31:49,135 - INFO - Iteration 36 starting with parameters: {'num_layers': 3, 'num_heads': 4, 'd_model': 64, 'dim_feedforward': 128, 'learning_rate': 0.0005}
2024-11-19 17:31:49,473 - INFO - Iteration 36, Epoch 10/50, Loss: 0.1424
2024-11-19 17:31:49,794 - INFO - Iteration 36, Epoch 20/50, Loss: 0.0741
2024-11-19 17:31:50,191 - INFO - Iteration 36, Epoch 30/50, Loss: 0.0509
2024-11-19 17:31:50,650 - INFO - Iteration 36, Epoch 40/50, Loss: 0.0484
2024-11-19 17:31:50,975 - INFO - Iteration 36, Epoch 50/50, Loss: 0.0484
2024-11-19 17:31:50,978 - INFO - Iteration 36 - Evaluation results - MAE: 476.28, RMSE: 501.81
2024-11-19 17:31:50,978 - INFO - Iteration 37 starting with parameters: {'num_layers': 3, 'num_heads': 4, 'd_model': 64, 'dim_feedforward': 128, 'learning_rate': 0.0005}
2024-11-19 17:31:51,340 - INFO - Iteration 37, Epoch 10/50, Loss: 0.0951
2024-11-19 17:31:51,630 - INFO - Iteration 37, Epoch 20/50, Loss: 0.0579
2024-11-19 17:31:51,938 - INFO - Iteration 37, Epoch 30/50, Loss: 0.0520
2024-11-19 17:31:52,242 - INFO - Iteration 37, Epoch 40/50, Loss: 0.0529
2024-11-19 17:31:52,557 - INFO - Iteration 37, Epoch 50/50, Loss: 0.0409
2024-11-19 17:31:52,560 - INFO - Iteration 37 - Evaluation results - MAE: 486.92, RMSE: 511.71
2024-11-19 17:31:52,560 - INFO - Iteration 38 starting with parameters: {'num_layers': 3, 'num_heads': 4, 'd_model': 64, 'dim_feedforward': 128, 'learning_rate': 0.0005}
2024-11-19 17:31:52,861 - INFO - Iteration 38, Epoch 10/50, Loss: 0.1018
2024-11-19 17:31:53,207 - INFO - Iteration 38, Epoch 20/50, Loss: 0.0704
2024-11-19 17:31:53,508 - INFO - Iteration 38, Epoch 30/50, Loss: 0.0610
2024-11-19 17:31:53,838 - INFO - Iteration 38, Epoch 40/50, Loss: 0.0575
2024-11-19 17:31:54,141 - INFO - Iteration 38, Epoch 50/50, Loss: 0.0543
2024-11-19 17:31:54,144 - INFO - Iteration 38 - Evaluation results - MAE: 572.87, RMSE: 594.07
2024-11-19 17:31:54,144 - INFO - Iteration 39 starting with parameters: {'num_layers': 3, 'num_heads': 4, 'd_model': 64, 'dim_feedforward': 128, 'learning_rate': 0.0005}
2024-11-19 17:31:54,455 - INFO - Iteration 39, Epoch 10/50, Loss: 0.0579
2024-11-19 17:31:54,755 - INFO - Iteration 39, Epoch 20/50, Loss: 0.0524
2024-11-19 17:31:55,039 - INFO - Iteration 39, Epoch 30/50, Loss: 0.0449
2024-11-19 17:31:55,350 - INFO - Iteration 39, Epoch 40/50, Loss: 0.0334
2024-11-19 17:31:55,634 - INFO - Iteration 39, Epoch 50/50, Loss: 0.0281
2024-11-19 17:31:55,637 - INFO - Iteration 39 - Evaluation results - MAE: 418.30, RMSE: 446.86
2024-11-19 17:31:55,637 - INFO - Iteration 40 starting with parameters: {'num_layers': 3, 'num_heads': 4, 'd_model': 64, 'dim_feedforward': 128, 'learning_rate': 0.0005}
2024-11-19 17:31:55,922 - INFO - Iteration 40, Epoch 10/50, Loss: 0.0697
2024-11-19 17:31:56,213 - INFO - Iteration 40, Epoch 20/50, Loss: 0.0494
2024-11-19 17:31:56,554 - INFO - Iteration 40, Epoch 30/50, Loss: 0.0437
2024-11-19 17:31:56,853 - INFO - Iteration 40, Epoch 40/50, Loss: 0.0373
2024-11-19 17:31:57,159 - INFO - Iteration 40, Epoch 50/50, Loss: 0.0255
2024-11-19 17:31:57,162 - INFO - Iteration 40 - Evaluation results - MAE: 287.31, RMSE: 322.27
2024-11-19 17:31:57,163 - INFO - Iteration 41 starting with parameters: {'num_layers': 3, 'num_heads': 4, 'd_model': 64, 'dim_feedforward': 128, 'learning_rate': 0.0005}
2024-11-19 17:31:57,487 - INFO - Iteration 41, Epoch 10/50, Loss: 0.0799
2024-11-19 17:31:57,799 - INFO - Iteration 41, Epoch 20/50, Loss: 0.0802
2024-11-19 17:31:58,104 - INFO - Iteration 41, Epoch 30/50, Loss: 0.0476
2024-11-19 17:31:58,382 - INFO - Iteration 41, Epoch 40/50, Loss: 0.0416
2024-11-19 17:31:58,681 - INFO - Iteration 41, Epoch 50/50, Loss: 0.0406
2024-11-19 17:31:58,683 - INFO - Iteration 41 - Evaluation results - MAE: 502.82, RMSE: 526.79
2024-11-19 17:31:58,683 - INFO - Iteration 42 starting with parameters: {'num_layers': 3, 'num_heads': 4, 'd_model': 64, 'dim_feedforward': 128, 'learning_rate': 0.0005}
2024-11-19 17:31:59,010 - INFO - Iteration 42, Epoch 10/50, Loss: 0.0708
2024-11-19 17:31:59,336 - INFO - Iteration 42, Epoch 20/50, Loss: 0.0468
2024-11-19 17:31:59,628 - INFO - Iteration 42, Epoch 30/50, Loss: 0.0456
2024-11-19 17:31:59,915 - INFO - Iteration 42, Epoch 40/50, Loss: 0.0359
2024-11-19 17:32:00,203 - INFO - Iteration 42, Epoch 50/50, Loss: 0.0233
2024-11-19 17:32:00,206 - INFO - Iteration 42 - Evaluation results - MAE: 354.67, RMSE: 385.35
2024-11-19 17:32:00,206 - INFO - Iteration 43 starting with parameters: {'num_layers': 3, 'num_heads': 4, 'd_model': 64, 'dim_feedforward': 128, 'learning_rate': 0.0005}
2024-11-19 17:32:00,489 - INFO - Iteration 43, Epoch 10/50, Loss: 0.1504
2024-11-19 17:32:00,768 - INFO - Iteration 43, Epoch 20/50, Loss: 0.0923
2024-11-19 17:32:01,064 - INFO - Iteration 43, Epoch 30/50, Loss: 0.0600
2024-11-19 17:32:01,345 - INFO - Iteration 43, Epoch 40/50, Loss: 0.0541
2024-11-19 17:32:01,666 - INFO - Iteration 43, Epoch 50/50, Loss: 0.0465
2024-11-19 17:32:01,668 - INFO - Iteration 43 - Evaluation results - MAE: 580.74, RMSE: 601.81
2024-11-19 17:32:01,668 - INFO - Iteration 44 starting with parameters: {'num_layers': 3, 'num_heads': 4, 'd_model': 64, 'dim_feedforward': 128, 'learning_rate': 0.0005}
2024-11-19 17:32:01,970 - INFO - Iteration 44, Epoch 10/50, Loss: 0.1072
2024-11-19 17:32:02,277 - INFO - Iteration 44, Epoch 20/50, Loss: 0.0828
2024-11-19 17:32:02,568 - INFO - Iteration 44, Epoch 30/50, Loss: 0.0579
2024-11-19 17:32:02,850 - INFO - Iteration 44, Epoch 40/50, Loss: 0.0512
2024-11-19 17:32:03,142 - INFO - Iteration 44, Epoch 50/50, Loss: 0.0563
2024-11-19 17:32:03,145 - INFO - Iteration 44 - Evaluation results - MAE: 557.76, RMSE: 579.50
2024-11-19 17:32:03,145 - INFO - Iteration 45 starting with parameters: {'num_layers': 3, 'num_heads': 4, 'd_model': 64, 'dim_feedforward': 128, 'learning_rate': 0.0005}
2024-11-19 17:32:03,452 - INFO - Iteration 45, Epoch 10/50, Loss: 0.0657
2024-11-19 17:32:03,743 - INFO - Iteration 45, Epoch 20/50, Loss: 0.0517
2024-11-19 17:32:04,054 - INFO - Iteration 45, Epoch 30/50, Loss: 0.0511
2024-11-19 17:32:04,369 - INFO - Iteration 45, Epoch 40/50, Loss: 0.0405
2024-11-19 17:32:04,726 - INFO - Iteration 45, Epoch 50/50, Loss: 0.0320
2024-11-19 17:32:04,729 - INFO - Iteration 45 - Evaluation results - MAE: 360.11, RMSE: 391.46
2024-11-19 17:32:04,729 - INFO - Iteration 46 starting with parameters: {'num_layers': 3, 'num_heads': 4, 'd_model': 64, 'dim_feedforward': 128, 'learning_rate': 0.0005}
2024-11-19 17:32:05,034 - INFO - Iteration 46, Epoch 10/50, Loss: 0.0668
2024-11-19 17:32:05,361 - INFO - Iteration 46, Epoch 20/50, Loss: 0.0568
2024-11-19 17:32:05,698 - INFO - Iteration 46, Epoch 30/50, Loss: 0.0594
2024-11-19 17:32:06,001 - INFO - Iteration 46, Epoch 40/50, Loss: 0.0446
2024-11-19 17:32:06,280 - INFO - Iteration 46, Epoch 50/50, Loss: 0.0329
2024-11-19 17:32:06,283 - INFO - Iteration 46 - Evaluation results - MAE: 498.58, RMSE: 522.71
2024-11-19 17:32:06,283 - INFO - Iteration 47 starting with parameters: {'num_layers': 3, 'num_heads': 4, 'd_model': 64, 'dim_feedforward': 128, 'learning_rate': 0.0005}
2024-11-19 17:32:06,643 - INFO - Iteration 47, Epoch 10/50, Loss: 0.1587
2024-11-19 17:32:06,940 - INFO - Iteration 47, Epoch 20/50, Loss: 0.0775
2024-11-19 17:32:07,246 - INFO - Iteration 47, Epoch 30/50, Loss: 0.0550
2024-11-19 17:32:07,581 - INFO - Iteration 47, Epoch 40/50, Loss: 0.0480
2024-11-19 17:32:07,859 - INFO - Iteration 47, Epoch 50/50, Loss: 0.0453
2024-11-19 17:32:07,862 - INFO - Iteration 47 - Evaluation results - MAE: 491.50, RMSE: 515.98
2024-11-19 17:32:07,862 - INFO - Iteration 48 starting with parameters: {'num_layers': 3, 'num_heads': 4, 'd_model': 64, 'dim_feedforward': 128, 'learning_rate': 0.0005}
2024-11-19 17:32:08,148 - INFO - Iteration 48, Epoch 10/50, Loss: 0.0787
2024-11-19 17:32:08,422 - INFO - Iteration 48, Epoch 20/50, Loss: 0.0751
2024-11-19 17:32:08,701 - INFO - Iteration 48, Epoch 30/50, Loss: 0.0561
2024-11-19 17:32:08,999 - INFO - Iteration 48, Epoch 40/50, Loss: 0.0448
2024-11-19 17:32:09,304 - INFO - Iteration 48, Epoch 50/50, Loss: 0.0465
2024-11-19 17:32:09,306 - INFO - Iteration 48 - Evaluation results - MAE: 491.66, RMSE: 516.39
2024-11-19 17:32:09,307 - INFO - Iteration 49 starting with parameters: {'num_layers': 3, 'num_heads': 4, 'd_model': 64, 'dim_feedforward': 128, 'learning_rate': 0.0005}
2024-11-19 17:32:09,647 - INFO - Iteration 49, Epoch 10/50, Loss: 0.0959
2024-11-19 17:32:09,939 - INFO - Iteration 49, Epoch 20/50, Loss: 0.0802
2024-11-19 17:32:10,240 - INFO - Iteration 49, Epoch 30/50, Loss: 0.0627
2024-11-19 17:32:10,527 - INFO - Iteration 49, Epoch 40/50, Loss: 0.0549
2024-11-19 17:32:10,811 - INFO - Iteration 49, Epoch 50/50, Loss: 0.0543
2024-11-19 17:32:10,813 - INFO - Iteration 49 - Evaluation results - MAE: 593.14, RMSE: 613.65
2024-11-19 17:32:10,813 - INFO - Iteration 50 starting with parameters: {'num_layers': 3, 'num_heads': 4, 'd_model': 64, 'dim_feedforward': 128, 'learning_rate': 0.0005}
2024-11-19 17:32:11,137 - INFO - Iteration 50, Epoch 10/50, Loss: 0.0862
2024-11-19 17:32:11,429 - INFO - Iteration 50, Epoch 20/50, Loss: 0.0523
2024-11-19 17:32:11,746 - INFO - Iteration 50, Epoch 30/50, Loss: 0.0445
2024-11-19 17:32:12,046 - INFO - Iteration 50, Epoch 40/50, Loss: 0.0351
2024-11-19 17:32:12,348 - INFO - Iteration 50, Epoch 50/50, Loss: 0.0388
2024-11-19 17:32:12,350 - INFO - Iteration 50 - Evaluation results - MAE: 395.88, RMSE: 425.85
2024-11-19 17:32:12,350 - INFO - Iteration 51 starting with parameters: {'num_layers': 3, 'num_heads': 4, 'd_model': 64, 'dim_feedforward': 128, 'learning_rate': 0.0005}
2024-11-19 17:32:12,650 - INFO - Iteration 51, Epoch 10/50, Loss: 0.0850
2024-11-19 17:32:12,933 - INFO - Iteration 51, Epoch 20/50, Loss: 0.0593
2024-11-19 17:32:13,240 - INFO - Iteration 51, Epoch 30/50, Loss: 0.0488
2024-11-19 17:32:13,556 - INFO - Iteration 51, Epoch 40/50, Loss: 0.0477
2024-11-19 17:32:13,860 - INFO - Iteration 51, Epoch 50/50, Loss: 0.0410
2024-11-19 17:32:13,863 - INFO - Iteration 51 - Evaluation results - MAE: 372.17, RMSE: 402.61
2024-11-19 17:32:13,863 - INFO - Iteration 52 starting with parameters: {'num_layers': 3, 'num_heads': 4, 'd_model': 64, 'dim_feedforward': 128, 'learning_rate': 0.0005}
2024-11-19 17:32:14,157 - INFO - Iteration 52, Epoch 10/50, Loss: 0.1604
2024-11-19 17:32:14,440 - INFO - Iteration 52, Epoch 20/50, Loss: 0.0590
2024-11-19 17:32:14,728 - INFO - Iteration 52, Epoch 30/50, Loss: 0.0482
2024-11-19 17:32:15,007 - INFO - Iteration 52, Epoch 40/50, Loss: 0.0449
2024-11-19 17:32:15,281 - INFO - Iteration 52, Epoch 50/50, Loss: 0.0453
2024-11-19 17:32:15,284 - INFO - Iteration 52 - Evaluation results - MAE: 457.03, RMSE: 483.64
2024-11-19 17:32:15,284 - INFO - Iteration 53 starting with parameters: {'num_layers': 3, 'num_heads': 4, 'd_model': 64, 'dim_feedforward': 128, 'learning_rate': 0.0005}
2024-11-19 17:32:15,559 - INFO - Iteration 53, Epoch 10/50, Loss: 0.0642
2024-11-19 17:32:15,874 - INFO - Iteration 53, Epoch 20/50, Loss: 0.0715
2024-11-19 17:32:16,163 - INFO - Iteration 53, Epoch 30/50, Loss: 0.0426
2024-11-19 17:32:16,441 - INFO - Iteration 53, Epoch 40/50, Loss: 0.0374
2024-11-19 17:32:16,714 - INFO - Iteration 53, Epoch 50/50, Loss: 0.0373
2024-11-19 17:32:16,718 - INFO - Iteration 53 - Evaluation results - MAE: 403.21, RMSE: 432.90
2024-11-19 17:32:16,718 - INFO - Iteration 54 starting with parameters: {'num_layers': 3, 'num_heads': 4, 'd_model': 64, 'dim_feedforward': 128, 'learning_rate': 0.0005}
2024-11-19 17:32:17,000 - INFO - Iteration 54, Epoch 10/50, Loss: 0.0925
2024-11-19 17:32:17,279 - INFO - Iteration 54, Epoch 20/50, Loss: 0.0577
2024-11-19 17:32:17,556 - INFO - Iteration 54, Epoch 30/50, Loss: 0.0499
2024-11-19 17:32:17,859 - INFO - Iteration 54, Epoch 40/50, Loss: 0.0404
2024-11-19 17:32:18,146 - INFO - Iteration 54, Epoch 50/50, Loss: 0.0301
2024-11-19 17:32:18,149 - INFO - Iteration 54 - Evaluation results - MAE: 381.00, RMSE: 411.34
2024-11-19 17:32:18,149 - INFO - Iteration 55 starting with parameters: {'num_layers': 3, 'num_heads': 4, 'd_model': 64, 'dim_feedforward': 128, 'learning_rate': 0.0005}
2024-11-19 17:32:18,423 - INFO - Iteration 55, Epoch 10/50, Loss: 0.0658
2024-11-19 17:32:18,698 - INFO - Iteration 55, Epoch 20/50, Loss: 0.0558
2024-11-19 17:32:18,965 - INFO - Iteration 55, Epoch 30/50, Loss: 0.0541
2024-11-19 17:32:19,238 - INFO - Iteration 55, Epoch 40/50, Loss: 0.0512
2024-11-19 17:32:19,510 - INFO - Iteration 55, Epoch 50/50, Loss: 0.0512
2024-11-19 17:32:19,513 - INFO - Iteration 55 - Evaluation results - MAE: 549.01, RMSE: 571.11
2024-11-19 17:32:19,513 - INFO - Iteration 56 starting with parameters: {'num_layers': 3, 'num_heads': 4, 'd_model': 64, 'dim_feedforward': 128, 'learning_rate': 0.0005}
2024-11-19 17:32:19,796 - INFO - Iteration 56, Epoch 10/50, Loss: 0.0595
2024-11-19 17:32:20,093 - INFO - Iteration 56, Epoch 20/50, Loss: 0.0519
2024-11-19 17:32:20,366 - INFO - Iteration 56, Epoch 30/50, Loss: 0.0508
2024-11-19 17:32:20,645 - INFO - Iteration 56, Epoch 40/50, Loss: 0.0358
2024-11-19 17:32:20,922 - INFO - Iteration 56, Epoch 50/50, Loss: 0.0289
2024-11-19 17:32:20,926 - INFO - Iteration 56 - Evaluation results - MAE: 431.81, RMSE: 459.46
2024-11-19 17:32:20,926 - INFO - Iteration 57 starting with parameters: {'num_layers': 3, 'num_heads': 4, 'd_model': 64, 'dim_feedforward': 128, 'learning_rate': 0.0005}
2024-11-19 17:32:21,209 - INFO - Iteration 57, Epoch 10/50, Loss: 0.0736
2024-11-19 17:32:21,480 - INFO - Iteration 57, Epoch 20/50, Loss: 0.0505
2024-11-19 17:32:21,754 - INFO - Iteration 57, Epoch 30/50, Loss: 0.0445
2024-11-19 17:32:22,067 - INFO - Iteration 57, Epoch 40/50, Loss: 0.0344
2024-11-19 17:32:22,355 - INFO - Iteration 57, Epoch 50/50, Loss: 0.0291
2024-11-19 17:32:22,358 - INFO - Iteration 57 - Evaluation results - MAE: 357.61, RMSE: 388.74
2024-11-19 17:32:22,358 - INFO - Iteration 58 starting with parameters: {'num_layers': 3, 'num_heads': 4, 'd_model': 64, 'dim_feedforward': 128, 'learning_rate': 0.0005}
2024-11-19 17:32:22,644 - INFO - Iteration 58, Epoch 10/50, Loss: 0.1064
2024-11-19 17:32:22,936 - INFO - Iteration 58, Epoch 20/50, Loss: 0.0690
2024-11-19 17:32:23,217 - INFO - Iteration 58, Epoch 30/50, Loss: 0.0502
2024-11-19 17:32:23,489 - INFO - Iteration 58, Epoch 40/50, Loss: 0.0547
2024-11-19 17:32:23,771 - INFO - Iteration 58, Epoch 50/50, Loss: 0.0395
2024-11-19 17:32:23,774 - INFO - Iteration 58 - Evaluation results - MAE: 484.27, RMSE: 509.05
2024-11-19 17:32:23,774 - INFO - Iteration 59 starting with parameters: {'num_layers': 3, 'num_heads': 4, 'd_model': 64, 'dim_feedforward': 128, 'learning_rate': 0.0005}
2024-11-19 17:32:24,086 - INFO - Iteration 59, Epoch 10/50, Loss: 0.1423
2024-11-19 17:32:24,361 - INFO - Iteration 59, Epoch 20/50, Loss: 0.0947
2024-11-19 17:32:24,655 - INFO - Iteration 59, Epoch 30/50, Loss: 0.0670
2024-11-19 17:32:24,937 - INFO - Iteration 59, Epoch 40/50, Loss: 0.0615
2024-11-19 17:32:25,264 - INFO - Iteration 59, Epoch 50/50, Loss: 0.0537
2024-11-19 17:32:25,267 - INFO - Iteration 59 - Evaluation results - MAE: 529.95, RMSE: 552.75
2024-11-19 17:32:25,268 - INFO - Iteration 60 starting with parameters: {'num_layers': 3, 'num_heads': 4, 'd_model': 64, 'dim_feedforward': 128, 'learning_rate': 0.0005}
2024-11-19 17:32:25,555 - INFO - Iteration 60, Epoch 10/50, Loss: 0.0955
2024-11-19 17:32:25,839 - INFO - Iteration 60, Epoch 20/50, Loss: 0.0632
2024-11-19 17:32:26,168 - INFO - Iteration 60, Epoch 30/50, Loss: 0.0554
2024-11-19 17:32:26,455 - INFO - Iteration 60, Epoch 40/50, Loss: 0.0455
2024-11-19 17:32:26,749 - INFO - Iteration 60, Epoch 50/50, Loss: 0.0330
2024-11-19 17:32:26,752 - INFO - Iteration 60 - Evaluation results - MAE: 449.24, RMSE: 476.04
2024-11-19 17:32:26,752 - INFO - Iteration 61 starting with parameters: {'num_layers': 3, 'num_heads': 4, 'd_model': 64, 'dim_feedforward': 128, 'learning_rate': 0.0005}
2024-11-19 17:32:27,039 - INFO - Iteration 61, Epoch 10/50, Loss: 0.1215
2024-11-19 17:32:27,346 - INFO - Iteration 61, Epoch 20/50, Loss: 0.0588
2024-11-19 17:32:27,637 - INFO - Iteration 61, Epoch 30/50, Loss: 0.0457
2024-11-19 17:32:27,930 - INFO - Iteration 61, Epoch 40/50, Loss: 0.0421
2024-11-19 17:32:28,241 - INFO - Iteration 61, Epoch 50/50, Loss: 0.0377
2024-11-19 17:32:28,244 - INFO - Iteration 61 - Evaluation results - MAE: 481.11, RMSE: 506.05
2024-11-19 17:32:28,244 - INFO - Iteration 62 starting with parameters: {'num_layers': 3, 'num_heads': 4, 'd_model': 64, 'dim_feedforward': 128, 'learning_rate': 0.0005}
2024-11-19 17:32:28,552 - INFO - Iteration 62, Epoch 10/50, Loss: 0.0662
2024-11-19 17:32:28,830 - INFO - Iteration 62, Epoch 20/50, Loss: 0.0737
2024-11-19 17:32:29,111 - INFO - Iteration 62, Epoch 30/50, Loss: 0.0523
2024-11-19 17:32:29,413 - INFO - Iteration 62, Epoch 40/50, Loss: 0.0418
2024-11-19 17:32:29,692 - INFO - Iteration 62, Epoch 50/50, Loss: 0.0428
2024-11-19 17:32:29,695 - INFO - Iteration 62 - Evaluation results - MAE: 481.51, RMSE: 506.62
2024-11-19 17:32:29,695 - INFO - Iteration 63 starting with parameters: {'num_layers': 3, 'num_heads': 4, 'd_model': 64, 'dim_feedforward': 128, 'learning_rate': 0.0005}
2024-11-19 17:32:29,975 - INFO - Iteration 63, Epoch 10/50, Loss: 0.0985
2024-11-19 17:32:30,286 - INFO - Iteration 63, Epoch 20/50, Loss: 0.0535
2024-11-19 17:32:30,570 - INFO - Iteration 63, Epoch 30/50, Loss: 0.0470
2024-11-19 17:32:30,924 - INFO - Iteration 63, Epoch 40/50, Loss: 0.0378
2024-11-19 17:32:31,206 - INFO - Iteration 63, Epoch 50/50, Loss: 0.0331
2024-11-19 17:32:31,209 - INFO - Iteration 63 - Evaluation results - MAE: 452.23, RMSE: 479.48
2024-11-19 17:32:31,209 - INFO - Iteration 64 starting with parameters: {'num_layers': 3, 'num_heads': 4, 'd_model': 64, 'dim_feedforward': 128, 'learning_rate': 0.0005}
2024-11-19 17:32:31,502 - INFO - Iteration 64, Epoch 10/50, Loss: 0.0808
2024-11-19 17:32:31,815 - INFO - Iteration 64, Epoch 20/50, Loss: 0.0575
2024-11-19 17:32:32,120 - INFO - Iteration 64, Epoch 30/50, Loss: 0.0446
2024-11-19 17:32:32,460 - INFO - Iteration 64, Epoch 40/50, Loss: 0.0420
2024-11-19 17:32:32,796 - INFO - Iteration 64, Epoch 50/50, Loss: 0.0412
2024-11-19 17:32:32,799 - INFO - Iteration 64 - Evaluation results - MAE: 473.13, RMSE: 498.53
2024-11-19 17:32:32,799 - INFO - Iteration 65 starting with parameters: {'num_layers': 3, 'num_heads': 4, 'd_model': 64, 'dim_feedforward': 128, 'learning_rate': 0.0005}
2024-11-19 17:32:33,129 - INFO - Iteration 65, Epoch 10/50, Loss: 0.0862
2024-11-19 17:32:33,414 - INFO - Iteration 65, Epoch 20/50, Loss: 0.0845
2024-11-19 17:32:33,695 - INFO - Iteration 65, Epoch 30/50, Loss: 0.0618
2024-11-19 17:32:34,324 - INFO - Iteration 65, Epoch 40/50, Loss: 0.0510
2024-11-19 17:32:34,649 - INFO - Iteration 65, Epoch 50/50, Loss: 0.0499
2024-11-19 17:32:34,654 - INFO - Iteration 65 - Evaluation results - MAE: 534.88, RMSE: 557.47
2024-11-19 17:32:34,654 - INFO - Iteration 66 starting with parameters: {'num_layers': 3, 'num_heads': 4, 'd_model': 64, 'dim_feedforward': 128, 'learning_rate': 0.0005}
2024-11-19 17:32:34,941 - INFO - Iteration 66, Epoch 10/50, Loss: 0.1660
2024-11-19 17:32:35,238 - INFO - Iteration 66, Epoch 20/50, Loss: 0.0769
2024-11-19 17:32:35,529 - INFO - Iteration 66, Epoch 30/50, Loss: 0.0581
2024-11-19 17:32:35,820 - INFO - Iteration 66, Epoch 40/50, Loss: 0.0519
2024-11-19 17:32:36,121 - INFO - Iteration 66, Epoch 50/50, Loss: 0.0507
2024-11-19 17:32:36,124 - INFO - Iteration 66 - Evaluation results - MAE: 462.70, RMSE: 488.60
2024-11-19 17:32:36,124 - INFO - Iteration 67 starting with parameters: {'num_layers': 3, 'num_heads': 4, 'd_model': 64, 'dim_feedforward': 128, 'learning_rate': 0.0005}
2024-11-19 17:32:36,455 - INFO - Iteration 67, Epoch 10/50, Loss: 0.2096
2024-11-19 17:32:36,745 - INFO - Iteration 67, Epoch 20/50, Loss: 0.0585
2024-11-19 17:32:37,061 - INFO - Iteration 67, Epoch 30/50, Loss: 0.0481
2024-11-19 17:32:37,369 - INFO - Iteration 67, Epoch 40/50, Loss: 0.0483
2024-11-19 17:32:37,687 - INFO - Iteration 67, Epoch 50/50, Loss: 0.0380
2024-11-19 17:32:37,690 - INFO - Iteration 67 - Evaluation results - MAE: 506.39, RMSE: 530.04
2024-11-19 17:32:37,690 - INFO - Iteration 68 starting with parameters: {'num_layers': 3, 'num_heads': 4, 'd_model': 64, 'dim_feedforward': 128, 'learning_rate': 0.0005}
2024-11-19 17:32:38,022 - INFO - Iteration 68, Epoch 10/50, Loss: 0.0806
2024-11-19 17:32:38,369 - INFO - Iteration 68, Epoch 20/50, Loss: 0.0581
2024-11-19 17:32:38,679 - INFO - Iteration 68, Epoch 30/50, Loss: 0.0524
2024-11-19 17:32:38,981 - INFO - Iteration 68, Epoch 40/50, Loss: 0.0463
2024-11-19 17:32:39,294 - INFO - Iteration 68, Epoch 50/50, Loss: 0.0348
2024-11-19 17:32:39,297 - INFO - Iteration 68 - Evaluation results - MAE: 478.61, RMSE: 503.72
2024-11-19 17:32:39,297 - INFO - Iteration 69 starting with parameters: {'num_layers': 3, 'num_heads': 4, 'd_model': 64, 'dim_feedforward': 128, 'learning_rate': 0.0005}
2024-11-19 17:32:39,597 - INFO - Iteration 69, Epoch 10/50, Loss: 0.1171
2024-11-19 17:32:39,895 - INFO - Iteration 69, Epoch 20/50, Loss: 0.0632
2024-11-19 17:32:40,201 - INFO - Iteration 69, Epoch 30/50, Loss: 0.0509
2024-11-19 17:32:40,541 - INFO - Iteration 69, Epoch 40/50, Loss: 0.0408
2024-11-19 17:32:40,849 - INFO - Iteration 69, Epoch 50/50, Loss: 0.0392
2024-11-19 17:32:40,852 - INFO - Iteration 69 - Evaluation results - MAE: 467.28, RMSE: 492.89
2024-11-19 17:32:40,852 - INFO - Iteration 70 starting with parameters: {'num_layers': 3, 'num_heads': 4, 'd_model': 64, 'dim_feedforward': 128, 'learning_rate': 0.0005}
2024-11-19 17:32:41,146 - INFO - Iteration 70, Epoch 10/50, Loss: 0.0604
2024-11-19 17:32:41,432 - INFO - Iteration 70, Epoch 20/50, Loss: 0.0624
2024-11-19 17:32:41,741 - INFO - Iteration 70, Epoch 30/50, Loss: 0.0431
2024-11-19 17:32:42,031 - INFO - Iteration 70, Epoch 40/50, Loss: 0.0439
2024-11-19 17:32:42,331 - INFO - Iteration 70, Epoch 50/50, Loss: 0.0330
2024-11-19 17:32:42,334 - INFO - Iteration 70 - Evaluation results - MAE: 427.09, RMSE: 454.85
2024-11-19 17:32:42,334 - INFO - Iteration 71 starting with parameters: {'num_layers': 3, 'num_heads': 4, 'd_model': 64, 'dim_feedforward': 128, 'learning_rate': 0.0005}
2024-11-19 17:32:42,678 - INFO - Iteration 71, Epoch 10/50, Loss: 0.0701
2024-11-19 17:32:42,977 - INFO - Iteration 71, Epoch 20/50, Loss: 0.0679
2024-11-19 17:32:43,281 - INFO - Iteration 71, Epoch 30/50, Loss: 0.0521
2024-11-19 17:32:43,589 - INFO - Iteration 71, Epoch 40/50, Loss: 0.0397
2024-11-19 17:32:43,895 - INFO - Iteration 71, Epoch 50/50, Loss: 0.0334
2024-11-19 17:32:43,898 - INFO - Iteration 71 - Evaluation results - MAE: 382.37, RMSE: 413.73
2024-11-19 17:32:43,898 - INFO - Iteration 72 starting with parameters: {'num_layers': 3, 'num_heads': 4, 'd_model': 64, 'dim_feedforward': 128, 'learning_rate': 0.0005}
2024-11-19 17:32:44,196 - INFO - Iteration 72, Epoch 10/50, Loss: 0.0866
2024-11-19 17:32:44,517 - INFO - Iteration 72, Epoch 20/50, Loss: 0.0610
2024-11-19 17:32:44,819 - INFO - Iteration 72, Epoch 30/50, Loss: 0.0536
2024-11-19 17:32:45,157 - INFO - Iteration 72, Epoch 40/50, Loss: 0.0502
2024-11-19 17:32:45,545 - INFO - Iteration 72, Epoch 50/50, Loss: 0.0411
2024-11-19 17:32:45,548 - INFO - Iteration 72 - Evaluation results - MAE: 422.14, RMSE: 450.41
2024-11-19 17:32:45,548 - INFO - Iteration 73 starting with parameters: {'num_layers': 3, 'num_heads': 4, 'd_model': 64, 'dim_feedforward': 128, 'learning_rate': 0.0005}
2024-11-19 17:32:45,845 - INFO - Iteration 73, Epoch 10/50, Loss: 0.0731
2024-11-19 17:32:46,161 - INFO - Iteration 73, Epoch 20/50, Loss: 0.0604
2024-11-19 17:32:46,471 - INFO - Iteration 73, Epoch 30/50, Loss: 0.0453
2024-11-19 17:32:46,803 - INFO - Iteration 73, Epoch 40/50, Loss: 0.0442
2024-11-19 17:32:47,112 - INFO - Iteration 73, Epoch 50/50, Loss: 0.0384
2024-11-19 17:32:47,115 - INFO - Iteration 73 - Evaluation results - MAE: 440.96, RMSE: 468.20
2024-11-19 17:32:47,115 - INFO - Iteration 74 starting with parameters: {'num_layers': 3, 'num_heads': 4, 'd_model': 64, 'dim_feedforward': 128, 'learning_rate': 0.0005}
2024-11-19 17:32:47,417 - INFO - Iteration 74, Epoch 10/50, Loss: 0.0911
2024-11-19 17:32:47,700 - INFO - Iteration 74, Epoch 20/50, Loss: 0.0779
2024-11-19 17:32:48,006 - INFO - Iteration 74, Epoch 30/50, Loss: 0.0597
2024-11-19 17:32:48,305 - INFO - Iteration 74, Epoch 40/50, Loss: 0.0510
2024-11-19 17:32:48,655 - INFO - Iteration 74, Epoch 50/50, Loss: 0.0533
2024-11-19 17:32:48,658 - INFO - Iteration 74 - Evaluation results - MAE: 602.16, RMSE: 622.46
2024-11-19 17:32:48,658 - INFO - Iteration 75 starting with parameters: {'num_layers': 3, 'num_heads': 4, 'd_model': 64, 'dim_feedforward': 128, 'learning_rate': 0.0005}
2024-11-19 17:32:48,961 - INFO - Iteration 75, Epoch 10/50, Loss: 0.1173
2024-11-19 17:32:49,255 - INFO - Iteration 75, Epoch 20/50, Loss: 0.0806
2024-11-19 17:32:49,557 - INFO - Iteration 75, Epoch 30/50, Loss: 0.0534
2024-11-19 17:32:49,864 - INFO - Iteration 75, Epoch 40/50, Loss: 0.0444
2024-11-19 17:32:50,156 - INFO - Iteration 75, Epoch 50/50, Loss: 0.0522
2024-11-19 17:32:50,159 - INFO - Iteration 75 - Evaluation results - MAE: 443.26, RMSE: 470.39
2024-11-19 17:32:50,159 - INFO - Iteration 76 starting with parameters: {'num_layers': 3, 'num_heads': 4, 'd_model': 64, 'dim_feedforward': 128, 'learning_rate': 0.0005}
2024-11-19 17:32:50,467 - INFO - Iteration 76, Epoch 10/50, Loss: 0.0634
2024-11-19 17:32:50,772 - INFO - Iteration 76, Epoch 20/50, Loss: 0.0544
2024-11-19 17:32:51,074 - INFO - Iteration 76, Epoch 30/50, Loss: 0.0517
2024-11-19 17:32:51,367 - INFO - Iteration 76, Epoch 40/50, Loss: 0.0339
2024-11-19 17:32:51,654 - INFO - Iteration 76, Epoch 50/50, Loss: 0.0321
2024-11-19 17:32:51,657 - INFO - Iteration 76 - Evaluation results - MAE: 466.33, RMSE: 492.18
2024-11-19 17:32:51,657 - INFO - Iteration 77 starting with parameters: {'num_layers': 3, 'num_heads': 4, 'd_model': 64, 'dim_feedforward': 128, 'learning_rate': 0.0005}
2024-11-19 17:32:51,949 - INFO - Iteration 77, Epoch 10/50, Loss: 0.1928
2024-11-19 17:32:52,236 - INFO - Iteration 77, Epoch 20/50, Loss: 0.1003
2024-11-19 17:32:52,574 - INFO - Iteration 77, Epoch 30/50, Loss: 0.0631
2024-11-19 17:32:52,915 - INFO - Iteration 77, Epoch 40/50, Loss: 0.0607
2024-11-19 17:32:53,221 - INFO - Iteration 77, Epoch 50/50, Loss: 0.0535
2024-11-19 17:32:53,224 - INFO - Iteration 77 - Evaluation results - MAE: 580.93, RMSE: 601.91
2024-11-19 17:32:53,224 - INFO - Iteration 78 starting with parameters: {'num_layers': 3, 'num_heads': 4, 'd_model': 64, 'dim_feedforward': 128, 'learning_rate': 0.0005}
2024-11-19 17:32:53,499 - INFO - Iteration 78, Epoch 10/50, Loss: 0.1797
2024-11-19 17:32:53,779 - INFO - Iteration 78, Epoch 20/50, Loss: 0.1001
2024-11-19 17:32:54,065 - INFO - Iteration 78, Epoch 30/50, Loss: 0.0774
2024-11-19 17:32:54,344 - INFO - Iteration 78, Epoch 40/50, Loss: 0.0620
2024-11-19 17:32:54,627 - INFO - Iteration 78, Epoch 50/50, Loss: 0.0546
2024-11-19 17:32:54,630 - INFO - Iteration 78 - Evaluation results - MAE: 583.58, RMSE: 604.51
2024-11-19 17:32:54,630 - INFO - Iteration 79 starting with parameters: {'num_layers': 3, 'num_heads': 4, 'd_model': 64, 'dim_feedforward': 128, 'learning_rate': 0.0005}
2024-11-19 17:32:54,960 - INFO - Iteration 79, Epoch 10/50, Loss: 0.1058
2024-11-19 17:32:55,245 - INFO - Iteration 79, Epoch 20/50, Loss: 0.0713
2024-11-19 17:32:55,532 - INFO - Iteration 79, Epoch 30/50, Loss: 0.0490
2024-11-19 17:32:55,826 - INFO - Iteration 79, Epoch 40/50, Loss: 0.0454
2024-11-19 17:32:56,137 - INFO - Iteration 79, Epoch 50/50, Loss: 0.0377
2024-11-19 17:32:56,139 - INFO - Iteration 79 - Evaluation results - MAE: 419.43, RMSE: 447.91
2024-11-19 17:32:56,140 - INFO - Iteration 80 starting with parameters: {'num_layers': 3, 'num_heads': 4, 'd_model': 64, 'dim_feedforward': 128, 'learning_rate': 0.0005}
2024-11-19 17:32:56,420 - INFO - Iteration 80, Epoch 10/50, Loss: 0.0691
2024-11-19 17:32:56,716 - INFO - Iteration 80, Epoch 20/50, Loss: 0.0601
2024-11-19 17:32:57,028 - INFO - Iteration 80, Epoch 30/50, Loss: 0.0476
2024-11-19 17:32:57,373 - INFO - Iteration 80, Epoch 40/50, Loss: 0.0410
2024-11-19 17:32:57,670 - INFO - Iteration 80, Epoch 50/50, Loss: 0.0289
2024-11-19 17:32:57,673 - INFO - Iteration 80 - Evaluation results - MAE: 402.46, RMSE: 431.84
2024-11-19 17:32:57,673 - INFO - Iteration 81 starting with parameters: {'num_layers': 3, 'num_heads': 4, 'd_model': 64, 'dim_feedforward': 128, 'learning_rate': 0.0005}
2024-11-19 17:32:57,951 - INFO - Iteration 81, Epoch 10/50, Loss: 0.0515
2024-11-19 17:32:58,235 - INFO - Iteration 81, Epoch 20/50, Loss: 0.0559
2024-11-19 17:32:58,548 - INFO - Iteration 81, Epoch 30/50, Loss: 0.0592
2024-11-19 17:32:58,846 - INFO - Iteration 81, Epoch 40/50, Loss: 0.0604
2024-11-19 17:32:59,160 - INFO - Iteration 81, Epoch 50/50, Loss: 0.0569
2024-11-19 17:32:59,164 - INFO - Iteration 81 - Evaluation results - MAE: 512.32, RMSE: 535.96
2024-11-19 17:32:59,164 - INFO - Iteration 82 starting with parameters: {'num_layers': 3, 'num_heads': 4, 'd_model': 64, 'dim_feedforward': 128, 'learning_rate': 0.0005}
2024-11-19 17:32:59,446 - INFO - Iteration 82, Epoch 10/50, Loss: 0.0893
2024-11-19 17:32:59,745 - INFO - Iteration 82, Epoch 20/50, Loss: 0.0757
2024-11-19 17:33:00,054 - INFO - Iteration 82, Epoch 30/50, Loss: 0.0625
2024-11-19 17:33:00,344 - INFO - Iteration 82, Epoch 40/50, Loss: 0.0543
2024-11-19 17:33:00,656 - INFO - Iteration 82, Epoch 50/50, Loss: 0.0469
2024-11-19 17:33:00,660 - INFO - Iteration 82 - Evaluation results - MAE: 562.00, RMSE: 583.57
2024-11-19 17:33:00,660 - INFO - Iteration 83 starting with parameters: {'num_layers': 3, 'num_heads': 4, 'd_model': 64, 'dim_feedforward': 128, 'learning_rate': 0.0005}
2024-11-19 17:33:00,987 - INFO - Iteration 83, Epoch 10/50, Loss: 0.1105
2024-11-19 17:33:01,276 - INFO - Iteration 83, Epoch 20/50, Loss: 0.0788
2024-11-19 17:33:01,573 - INFO - Iteration 83, Epoch 30/50, Loss: 0.0455
2024-11-19 17:33:02,299 - INFO - Iteration 83, Epoch 40/50, Loss: 0.0489
2024-11-19 17:33:02,613 - INFO - Iteration 83, Epoch 50/50, Loss: 0.0490
2024-11-19 17:33:02,616 - INFO - Iteration 83 - Evaluation results - MAE: 546.71, RMSE: 569.19
2024-11-19 17:33:02,616 - INFO - Iteration 84 starting with parameters: {'num_layers': 3, 'num_heads': 4, 'd_model': 64, 'dim_feedforward': 128, 'learning_rate': 0.0005}
2024-11-19 17:33:02,944 - INFO - Iteration 84, Epoch 10/50, Loss: 0.0890
2024-11-19 17:33:03,304 - INFO - Iteration 84, Epoch 20/50, Loss: 0.0622
2024-11-19 17:33:03,634 - INFO - Iteration 84, Epoch 30/50, Loss: 0.0546
2024-11-19 17:33:04,139 - INFO - Iteration 84, Epoch 40/50, Loss: 0.0420
2024-11-19 17:33:04,613 - INFO - Iteration 84, Epoch 50/50, Loss: 0.0373
2024-11-19 17:33:04,618 - INFO - Iteration 84 - Evaluation results - MAE: 449.19, RMSE: 476.15
2024-11-19 17:33:04,618 - INFO - Iteration 85 starting with parameters: {'num_layers': 3, 'num_heads': 4, 'd_model': 64, 'dim_feedforward': 128, 'learning_rate': 0.0005}
2024-11-19 17:33:04,964 - INFO - Iteration 85, Epoch 10/50, Loss: 0.1055
2024-11-19 17:33:05,328 - INFO - Iteration 85, Epoch 20/50, Loss: 0.0552
2024-11-19 17:33:05,687 - INFO - Iteration 85, Epoch 30/50, Loss: 0.0472
2024-11-19 17:33:06,019 - INFO - Iteration 85, Epoch 40/50, Loss: 0.0460
2024-11-19 17:33:06,340 - INFO - Iteration 85, Epoch 50/50, Loss: 0.0425
2024-11-19 17:33:06,342 - INFO - Iteration 85 - Evaluation results - MAE: 450.13, RMSE: 477.35
2024-11-19 17:33:06,342 - INFO - Iteration 86 starting with parameters: {'num_layers': 3, 'num_heads': 4, 'd_model': 64, 'dim_feedforward': 128, 'learning_rate': 0.0005}
2024-11-19 17:33:06,842 - INFO - Iteration 86, Epoch 10/50, Loss: 0.0634
2024-11-19 17:33:07,207 - INFO - Iteration 86, Epoch 20/50, Loss: 0.0617
2024-11-19 17:33:07,515 - INFO - Iteration 86, Epoch 30/50, Loss: 0.0438
2024-11-19 17:33:07,801 - INFO - Iteration 86, Epoch 40/50, Loss: 0.0385
2024-11-19 17:33:08,096 - INFO - Iteration 86, Epoch 50/50, Loss: 0.0278
2024-11-19 17:33:08,100 - INFO - Iteration 86 - Evaluation results - MAE: 378.15, RMSE: 408.54
2024-11-19 17:33:08,100 - INFO - Iteration 87 starting with parameters: {'num_layers': 3, 'num_heads': 4, 'd_model': 64, 'dim_feedforward': 128, 'learning_rate': 0.0005}
2024-11-19 17:33:08,383 - INFO - Iteration 87, Epoch 10/50, Loss: 0.1407
2024-11-19 17:33:08,680 - INFO - Iteration 87, Epoch 20/50, Loss: 0.1048
2024-11-19 17:33:08,999 - INFO - Iteration 87, Epoch 30/50, Loss: 0.0638
2024-11-19 17:33:09,346 - INFO - Iteration 87, Epoch 40/50, Loss: 0.0523
2024-11-19 17:33:09,655 - INFO - Iteration 87, Epoch 50/50, Loss: 0.0562
2024-11-19 17:33:09,657 - INFO - Iteration 87 - Evaluation results - MAE: 577.91, RMSE: 598.94
2024-11-19 17:33:09,657 - INFO - Iteration 88 starting with parameters: {'num_layers': 3, 'num_heads': 4, 'd_model': 64, 'dim_feedforward': 128, 'learning_rate': 0.0005}
2024-11-19 17:33:09,963 - INFO - Iteration 88, Epoch 10/50, Loss: 0.0640
2024-11-19 17:33:10,260 - INFO - Iteration 88, Epoch 20/50, Loss: 0.0515
2024-11-19 17:33:10,551 - INFO - Iteration 88, Epoch 30/50, Loss: 0.0659
2024-11-19 17:33:10,853 - INFO - Iteration 88, Epoch 40/50, Loss: 0.0552
2024-11-19 17:33:11,170 - INFO - Iteration 88, Epoch 50/50, Loss: 0.0530
2024-11-19 17:33:11,174 - INFO - Iteration 88 - Evaluation results - MAE: 542.06, RMSE: 564.41
2024-11-19 17:33:11,174 - INFO - Iteration 89 starting with parameters: {'num_layers': 3, 'num_heads': 4, 'd_model': 64, 'dim_feedforward': 128, 'learning_rate': 0.0005}
2024-11-19 17:33:11,508 - INFO - Iteration 89, Epoch 10/50, Loss: 0.0789
2024-11-19 17:33:11,820 - INFO - Iteration 89, Epoch 20/50, Loss: 0.0739
2024-11-19 17:33:12,123 - INFO - Iteration 89, Epoch 30/50, Loss: 0.0510
2024-11-19 17:33:12,422 - INFO - Iteration 89, Epoch 40/50, Loss: 0.0435
2024-11-19 17:33:12,743 - INFO - Iteration 89, Epoch 50/50, Loss: 0.0481
2024-11-19 17:33:12,746 - INFO - Iteration 89 - Evaluation results - MAE: 472.25, RMSE: 498.02
2024-11-19 17:33:12,746 - INFO - Iteration 90 starting with parameters: {'num_layers': 3, 'num_heads': 4, 'd_model': 64, 'dim_feedforward': 128, 'learning_rate': 0.0005}
2024-11-19 17:33:13,053 - INFO - Iteration 90, Epoch 10/50, Loss: 0.0615
2024-11-19 17:33:13,428 - INFO - Iteration 90, Epoch 20/50, Loss: 0.0668
2024-11-19 17:33:13,723 - INFO - Iteration 90, Epoch 30/50, Loss: 0.0440
2024-11-19 17:33:14,097 - INFO - Iteration 90, Epoch 40/50, Loss: 0.0441
2024-11-19 17:33:14,394 - INFO - Iteration 90, Epoch 50/50, Loss: 0.0368
2024-11-19 17:33:14,397 - INFO - Iteration 90 - Evaluation results - MAE: 429.15, RMSE: 457.12
2024-11-19 17:33:14,397 - INFO - Iteration 91 starting with parameters: {'num_layers': 3, 'num_heads': 4, 'd_model': 64, 'dim_feedforward': 128, 'learning_rate': 0.0005}
2024-11-19 17:33:14,707 - INFO - Iteration 91, Epoch 10/50, Loss: 0.0885
2024-11-19 17:33:15,036 - INFO - Iteration 91, Epoch 20/50, Loss: 0.0715
2024-11-19 17:33:15,337 - INFO - Iteration 91, Epoch 30/50, Loss: 0.0570
2024-11-19 17:33:15,707 - INFO - Iteration 91, Epoch 40/50, Loss: 0.0426
2024-11-19 17:33:16,026 - INFO - Iteration 91, Epoch 50/50, Loss: 0.0512
2024-11-19 17:33:16,029 - INFO - Iteration 91 - Evaluation results - MAE: 562.64, RMSE: 584.20
2024-11-19 17:33:16,029 - INFO - Iteration 92 starting with parameters: {'num_layers': 3, 'num_heads': 4, 'd_model': 64, 'dim_feedforward': 128, 'learning_rate': 0.0005}
2024-11-19 17:33:16,328 - INFO - Iteration 92, Epoch 10/50, Loss: 0.1365
2024-11-19 17:33:16,649 - INFO - Iteration 92, Epoch 20/50, Loss: 0.0674
2024-11-19 17:33:16,957 - INFO - Iteration 92, Epoch 30/50, Loss: 0.0485
2024-11-19 17:33:17,247 - INFO - Iteration 92, Epoch 40/50, Loss: 0.0422
2024-11-19 17:33:17,589 - INFO - Iteration 92, Epoch 50/50, Loss: 0.0451
2024-11-19 17:33:17,593 - INFO - Iteration 92 - Evaluation results - MAE: 488.97, RMSE: 513.55
2024-11-19 17:33:17,593 - INFO - Iteration 93 starting with parameters: {'num_layers': 3, 'num_heads': 4, 'd_model': 64, 'dim_feedforward': 128, 'learning_rate': 0.0005}
2024-11-19 17:33:17,889 - INFO - Iteration 93, Epoch 10/50, Loss: 0.0785
2024-11-19 17:33:18,192 - INFO - Iteration 93, Epoch 20/50, Loss: 0.0548
2024-11-19 17:33:18,483 - INFO - Iteration 93, Epoch 30/50, Loss: 0.0425
2024-11-19 17:33:18,777 - INFO - Iteration 93, Epoch 40/50, Loss: 0.0373
2024-11-19 17:33:19,084 - INFO - Iteration 93, Epoch 50/50, Loss: 0.0296
2024-11-19 17:33:19,087 - INFO - Iteration 93 - Evaluation results - MAE: 395.43, RMSE: 425.61
2024-11-19 17:33:19,087 - INFO - Iteration 94 starting with parameters: {'num_layers': 3, 'num_heads': 4, 'd_model': 64, 'dim_feedforward': 128, 'learning_rate': 0.0005}
2024-11-19 17:33:19,385 - INFO - Iteration 94, Epoch 10/50, Loss: 0.1344
2024-11-19 17:33:19,711 - INFO - Iteration 94, Epoch 20/50, Loss: 0.0740
2024-11-19 17:33:19,993 - INFO - Iteration 94, Epoch 30/50, Loss: 0.0597
2024-11-19 17:33:20,273 - INFO - Iteration 94, Epoch 40/50, Loss: 0.0555
2024-11-19 17:33:20,549 - INFO - Iteration 94, Epoch 50/50, Loss: 0.0469
2024-11-19 17:33:20,552 - INFO - Iteration 94 - Evaluation results - MAE: 528.73, RMSE: 551.65
2024-11-19 17:33:20,552 - INFO - Iteration 95 starting with parameters: {'num_layers': 3, 'num_heads': 4, 'd_model': 64, 'dim_feedforward': 128, 'learning_rate': 0.0005}
2024-11-19 17:33:20,839 - INFO - Iteration 95, Epoch 10/50, Loss: 0.0700
2024-11-19 17:33:21,157 - INFO - Iteration 95, Epoch 20/50, Loss: 0.0668
2024-11-19 17:33:21,461 - INFO - Iteration 95, Epoch 30/50, Loss: 0.0525
2024-11-19 17:33:21,798 - INFO - Iteration 95, Epoch 40/50, Loss: 0.0546
2024-11-19 17:33:22,107 - INFO - Iteration 95, Epoch 50/50, Loss: 0.0534
2024-11-19 17:33:22,110 - INFO - Iteration 95 - Evaluation results - MAE: 576.49, RMSE: 597.56
2024-11-19 17:33:22,110 - INFO - Iteration 96 starting with parameters: {'num_layers': 3, 'num_heads': 4, 'd_model': 64, 'dim_feedforward': 128, 'learning_rate': 0.0005}
2024-11-19 17:33:22,423 - INFO - Iteration 96, Epoch 10/50, Loss: 0.0670
2024-11-19 17:33:22,731 - INFO - Iteration 96, Epoch 20/50, Loss: 0.0663
2024-11-19 17:33:23,028 - INFO - Iteration 96, Epoch 30/50, Loss: 0.0510
2024-11-19 17:33:23,306 - INFO - Iteration 96, Epoch 40/50, Loss: 0.0486
2024-11-19 17:33:23,600 - INFO - Iteration 96, Epoch 50/50, Loss: 0.0341
2024-11-19 17:33:23,603 - INFO - Iteration 96 - Evaluation results - MAE: 381.75, RMSE: 412.37
2024-11-19 17:33:23,603 - INFO - Iteration 97 starting with parameters: {'num_layers': 3, 'num_heads': 4, 'd_model': 64, 'dim_feedforward': 128, 'learning_rate': 0.0005}
2024-11-19 17:33:23,943 - INFO - Iteration 97, Epoch 10/50, Loss: 0.1267
2024-11-19 17:33:24,240 - INFO - Iteration 97, Epoch 20/50, Loss: 0.0546
2024-11-19 17:33:24,540 - INFO - Iteration 97, Epoch 30/50, Loss: 0.0548
2024-11-19 17:33:24,832 - INFO - Iteration 97, Epoch 40/50, Loss: 0.0406
2024-11-19 17:33:25,147 - INFO - Iteration 97, Epoch 50/50, Loss: 0.0451
2024-11-19 17:33:25,150 - INFO - Iteration 97 - Evaluation results - MAE: 479.28, RMSE: 504.45
2024-11-19 17:33:25,150 - INFO - Iteration 98 starting with parameters: {'num_layers': 3, 'num_heads': 4, 'd_model': 64, 'dim_feedforward': 128, 'learning_rate': 0.0005}
2024-11-19 17:33:25,492 - INFO - Iteration 98, Epoch 10/50, Loss: 0.1161
2024-11-19 17:33:25,882 - INFO - Iteration 98, Epoch 20/50, Loss: 0.0514
2024-11-19 17:33:26,227 - INFO - Iteration 98, Epoch 30/50, Loss: 0.0521
2024-11-19 17:33:26,520 - INFO - Iteration 98, Epoch 40/50, Loss: 0.0460
2024-11-19 17:33:26,815 - INFO - Iteration 98, Epoch 50/50, Loss: 0.0449
2024-11-19 17:33:26,818 - INFO - Iteration 98 - Evaluation results - MAE: 407.48, RMSE: 436.74
2024-11-19 17:33:26,818 - INFO - Iteration 99 starting with parameters: {'num_layers': 3, 'num_heads': 4, 'd_model': 64, 'dim_feedforward': 128, 'learning_rate': 0.0005}
2024-11-19 17:33:27,106 - INFO - Iteration 99, Epoch 10/50, Loss: 0.1261
2024-11-19 17:33:27,386 - INFO - Iteration 99, Epoch 20/50, Loss: 0.0798
2024-11-19 17:33:27,668 - INFO - Iteration 99, Epoch 30/50, Loss: 0.0444
2024-11-19 17:33:27,986 - INFO - Iteration 99, Epoch 40/50, Loss: 0.0375
2024-11-19 17:33:28,271 - INFO - Iteration 99, Epoch 50/50, Loss: 0.0480
2024-11-19 17:33:28,273 - INFO - Iteration 99 - Evaluation results - MAE: 423.89, RMSE: 452.30
2024-11-19 17:33:28,273 - INFO - Iteration 100 starting with parameters: {'num_layers': 3, 'num_heads': 4, 'd_model': 64, 'dim_feedforward': 128, 'learning_rate': 0.0005}
2024-11-19 17:33:28,556 - INFO - Iteration 100, Epoch 10/50, Loss: 0.1562
2024-11-19 17:33:28,836 - INFO - Iteration 100, Epoch 20/50, Loss: 0.0804
2024-11-19 17:33:29,138 - INFO - Iteration 100, Epoch 30/50, Loss: 0.0574
2024-11-19 17:33:29,417 - INFO - Iteration 100, Epoch 40/50, Loss: 0.0491
2024-11-19 17:33:29,697 - INFO - Iteration 100, Epoch 50/50, Loss: 0.0543
2024-11-19 17:33:29,700 - INFO - Iteration 100 - Evaluation results - MAE: 479.97, RMSE: 505.13
2024-11-19 17:33:29,700 - INFO - Iteration 101 starting with parameters: {'num_layers': 3, 'num_heads': 4, 'd_model': 64, 'dim_feedforward': 128, 'learning_rate': 0.0005}
2024-11-19 17:33:30,057 - INFO - Iteration 101, Epoch 10/50, Loss: 0.0950
2024-11-19 17:33:30,340 - INFO - Iteration 101, Epoch 20/50, Loss: 0.0599
2024-11-19 17:33:30,621 - INFO - Iteration 101, Epoch 30/50, Loss: 0.0484
2024-11-19 17:33:30,899 - INFO - Iteration 101, Epoch 40/50, Loss: 0.0420
2024-11-19 17:33:31,184 - INFO - Iteration 101, Epoch 50/50, Loss: 0.0344
2024-11-19 17:33:31,188 - INFO - Iteration 101 - Evaluation results - MAE: 401.23, RMSE: 430.69
2024-11-19 17:33:31,188 - INFO - Iteration 102 starting with parameters: {'num_layers': 3, 'num_heads': 4, 'd_model': 64, 'dim_feedforward': 128, 'learning_rate': 0.0005}
2024-11-19 17:33:31,460 - INFO - Iteration 102, Epoch 10/50, Loss: 0.1293
2024-11-19 17:33:31,743 - INFO - Iteration 102, Epoch 20/50, Loss: 0.0888
2024-11-19 17:33:32,062 - INFO - Iteration 102, Epoch 30/50, Loss: 0.0693
2024-11-19 17:33:32,341 - INFO - Iteration 102, Epoch 40/50, Loss: 0.0625
2024-11-19 17:33:32,623 - INFO - Iteration 102, Epoch 50/50, Loss: 0.0516
2024-11-19 17:33:32,627 - INFO - Iteration 102 - Evaluation results - MAE: 608.24, RMSE: 628.25
2024-11-19 17:33:32,627 - INFO - Iteration 103 starting with parameters: {'num_layers': 3, 'num_heads': 4, 'd_model': 64, 'dim_feedforward': 128, 'learning_rate': 0.0005}
2024-11-19 17:33:32,977 - INFO - Iteration 103, Epoch 10/50, Loss: 0.1386
2024-11-19 17:33:33,257 - INFO - Iteration 103, Epoch 20/50, Loss: 0.0930
2024-11-19 17:33:33,604 - INFO - Iteration 103, Epoch 30/50, Loss: 0.0725
2024-11-19 17:33:34,622 - INFO - Iteration 103, Epoch 40/50, Loss: 0.0518
2024-11-19 17:33:34,964 - INFO - Iteration 103, Epoch 50/50, Loss: 0.0556
2024-11-19 17:33:34,967 - INFO - Iteration 103 - Evaluation results - MAE: 602.31, RMSE: 622.56
2024-11-19 17:33:34,967 - INFO - Iteration 104 starting with parameters: {'num_layers': 3, 'num_heads': 4, 'd_model': 64, 'dim_feedforward': 128, 'learning_rate': 0.0005}
2024-11-19 17:33:35,297 - INFO - Iteration 104, Epoch 10/50, Loss: 0.0811
2024-11-19 17:33:35,608 - INFO - Iteration 104, Epoch 20/50, Loss: 0.0509
2024-11-19 17:33:35,934 - INFO - Iteration 104, Epoch 30/50, Loss: 0.0501
2024-11-19 17:33:36,279 - INFO - Iteration 104, Epoch 40/50, Loss: 0.0382
2024-11-19 17:33:36,628 - INFO - Iteration 104, Epoch 50/50, Loss: 0.0309
2024-11-19 17:33:36,632 - INFO - Iteration 104 - Evaluation results - MAE: 400.69, RMSE: 430.62
2024-11-19 17:33:36,632 - INFO - Iteration 105 starting with parameters: {'num_layers': 3, 'num_heads': 4, 'd_model': 64, 'dim_feedforward': 128, 'learning_rate': 0.0005}
2024-11-19 17:33:36,960 - INFO - Iteration 105, Epoch 10/50, Loss: 0.0651
2024-11-19 17:33:37,256 - INFO - Iteration 105, Epoch 20/50, Loss: 0.0663
2024-11-19 17:33:37,549 - INFO - Iteration 105, Epoch 30/50, Loss: 0.0477
2024-11-19 17:33:37,859 - INFO - Iteration 105, Epoch 40/50, Loss: 0.0432
2024-11-19 17:33:38,145 - INFO - Iteration 105, Epoch 50/50, Loss: 0.0339
2024-11-19 17:33:38,148 - INFO - Iteration 105 - Evaluation results - MAE: 474.46, RMSE: 499.86
2024-11-19 17:33:38,148 - INFO - Iteration 106 starting with parameters: {'num_layers': 3, 'num_heads': 4, 'd_model': 64, 'dim_feedforward': 128, 'learning_rate': 0.0005}
2024-11-19 17:33:38,429 - INFO - Iteration 106, Epoch 10/50, Loss: 0.0878
2024-11-19 17:33:38,754 - INFO - Iteration 106, Epoch 20/50, Loss: 0.0614
2024-11-19 17:33:39,049 - INFO - Iteration 106, Epoch 30/50, Loss: 0.0578
2024-11-19 17:33:39,379 - INFO - Iteration 106, Epoch 40/50, Loss: 0.0611
2024-11-19 17:33:39,756 - INFO - Iteration 106, Epoch 50/50, Loss: 0.0589
2024-11-19 17:33:39,759 - INFO - Iteration 106 - Evaluation results - MAE: 517.64, RMSE: 541.12
2024-11-19 17:33:39,759 - INFO - Iteration 107 starting with parameters: {'num_layers': 3, 'num_heads': 4, 'd_model': 64, 'dim_feedforward': 128, 'learning_rate': 0.0005}
2024-11-19 17:33:40,082 - INFO - Iteration 107, Epoch 10/50, Loss: 0.1190
2024-11-19 17:33:40,384 - INFO - Iteration 107, Epoch 20/50, Loss: 0.0596
2024-11-19 17:33:40,727 - INFO - Iteration 107, Epoch 30/50, Loss: 0.0470
2024-11-19 17:33:41,042 - INFO - Iteration 107, Epoch 40/50, Loss: 0.0486
2024-11-19 17:33:41,338 - INFO - Iteration 107, Epoch 50/50, Loss: 0.0457
2024-11-19 17:33:41,341 - INFO - Iteration 107 - Evaluation results - MAE: 474.77, RMSE: 500.14
2024-11-19 17:33:41,341 - INFO - Iteration 108 starting with parameters: {'num_layers': 3, 'num_heads': 4, 'd_model': 64, 'dim_feedforward': 128, 'learning_rate': 0.0005}
2024-11-19 17:33:41,635 - INFO - Iteration 108, Epoch 10/50, Loss: 0.0643
2024-11-19 17:33:41,924 - INFO - Iteration 108, Epoch 20/50, Loss: 0.0640
2024-11-19 17:33:42,231 - INFO - Iteration 108, Epoch 30/50, Loss: 0.0497
2024-11-19 17:33:42,536 - INFO - Iteration 108, Epoch 40/50, Loss: 0.0405
2024-11-19 17:33:42,874 - INFO - Iteration 108, Epoch 50/50, Loss: 0.0360
2024-11-19 17:33:42,878 - INFO - Iteration 108 - Evaluation results - MAE: 428.47, RMSE: 456.78
2024-11-19 17:33:42,878 - INFO - Iteration 109 starting with parameters: {'num_layers': 3, 'num_heads': 4, 'd_model': 64, 'dim_feedforward': 128, 'learning_rate': 0.0005}
2024-11-19 17:33:43,194 - INFO - Iteration 109, Epoch 10/50, Loss: 0.1177
2024-11-19 17:33:43,506 - INFO - Iteration 109, Epoch 20/50, Loss: 0.0638
2024-11-19 17:33:43,863 - INFO - Iteration 109, Epoch 30/50, Loss: 0.0392
2024-11-19 17:33:44,183 - INFO - Iteration 109, Epoch 40/50, Loss: 0.0447
2024-11-19 17:33:44,612 - INFO - Iteration 109, Epoch 50/50, Loss: 0.0363
2024-11-19 17:33:44,619 - INFO - Iteration 109 - Evaluation results - MAE: 450.07, RMSE: 477.28
2024-11-19 17:33:44,619 - INFO - Iteration 110 starting with parameters: {'num_layers': 3, 'num_heads': 4, 'd_model': 64, 'dim_feedforward': 128, 'learning_rate': 0.0005}
2024-11-19 17:33:44,959 - INFO - Iteration 110, Epoch 10/50, Loss: 0.0641
2024-11-19 17:33:45,274 - INFO - Iteration 110, Epoch 20/50, Loss: 0.0676
2024-11-19 17:33:45,641 - INFO - Iteration 110, Epoch 30/50, Loss: 0.0473
