2024-11-19 16:39:02,308 - INFO - Loading and preparing data
2024-11-19 16:39:10,273 - INFO - Training model with num_layers=2, num_heads=2, d_model=32, dim_feedforward=64, learning_rate=0.001
2024-11-19 16:39:10,437 - INFO - Epoch 10/50, Loss: 0.1309
2024-11-19 16:39:10,544 - INFO - Epoch 20/50, Loss: 0.0950
2024-11-19 16:39:10,640 - INFO - Epoch 30/50, Loss: 0.0747
2024-11-19 16:39:10,766 - INFO - Epoch 40/50, Loss: 0.0535
2024-11-19 16:39:10,872 - INFO - Epoch 50/50, Loss: 0.0514
2024-11-19 16:39:10,876 - INFO - Evaluation results - MAE: 501.28, RMSE: 525.33
2024-11-19 16:39:10,876 - INFO - New best model found: {'num_layers': 2, 'num_heads': 2, 'd_model': 32, 'dim_feedforward': 64, 'learning_rate': 0.001} with MAE: 501.28
2024-11-19 16:39:10,878 - INFO - Training model with num_layers=2, num_heads=2, d_model=32, dim_feedforward=64, learning_rate=0.0005
2024-11-19 16:39:10,976 - INFO - Epoch 10/50, Loss: 0.1002
2024-11-19 16:39:11,077 - INFO - Epoch 20/50, Loss: 0.0705
2024-11-19 16:39:11,173 - INFO - Epoch 30/50, Loss: 0.0588
2024-11-19 16:39:11,273 - INFO - Epoch 40/50, Loss: 0.0402
2024-11-19 16:39:11,370 - INFO - Epoch 50/50, Loss: 0.0445
2024-11-19 16:39:11,372 - INFO - Evaluation results - MAE: 389.22, RMSE: 419.27
2024-11-19 16:39:11,372 - INFO - New best model found: {'num_layers': 2, 'num_heads': 2, 'd_model': 32, 'dim_feedforward': 64, 'learning_rate': 0.0005} with MAE: 389.22
2024-11-19 16:39:11,373 - INFO - Training model with num_layers=2, num_heads=2, d_model=32, dim_feedforward=128, learning_rate=0.001
2024-11-19 16:39:11,538 - INFO - Epoch 10/50, Loss: 0.0559
2024-11-19 16:39:11,658 - INFO - Epoch 20/50, Loss: 0.0526
2024-11-19 16:39:11,769 - INFO - Epoch 30/50, Loss: 0.0502
2024-11-19 16:39:11,890 - INFO - Epoch 40/50, Loss: 0.0456
2024-11-19 16:39:12,020 - INFO - Epoch 50/50, Loss: 0.0427
2024-11-19 16:39:12,022 - INFO - Evaluation results - MAE: 536.62, RMSE: 559.25
2024-11-19 16:39:12,023 - INFO - Training model with num_layers=2, num_heads=2, d_model=32, dim_feedforward=128, learning_rate=0.0005
2024-11-19 16:39:12,188 - INFO - Epoch 10/50, Loss: 0.0735
2024-11-19 16:39:12,335 - INFO - Epoch 20/50, Loss: 0.0461
2024-11-19 16:39:12,463 - INFO - Epoch 30/50, Loss: 0.0433
2024-11-19 16:39:12,586 - INFO - Epoch 40/50, Loss: 0.0277
2024-11-19 16:39:12,731 - INFO - Epoch 50/50, Loss: 0.0235
2024-11-19 16:39:12,733 - INFO - Evaluation results - MAE: 299.19, RMSE: 332.91
2024-11-19 16:39:12,733 - INFO - New best model found: {'num_layers': 2, 'num_heads': 2, 'd_model': 32, 'dim_feedforward': 128, 'learning_rate': 0.0005} with MAE: 299.19
2024-11-19 16:39:12,734 - INFO - Training model with num_layers=2, num_heads=2, d_model=64, dim_feedforward=64, learning_rate=0.001
2024-11-19 16:39:12,898 - INFO - Epoch 10/50, Loss: 0.1099
2024-11-19 16:39:13,105 - INFO - Epoch 20/50, Loss: 0.0823
2024-11-19 16:39:13,273 - INFO - Epoch 30/50, Loss: 0.0496
2024-11-19 16:39:13,416 - INFO - Epoch 40/50, Loss: 0.0470
2024-11-19 16:39:13,611 - INFO - Epoch 50/50, Loss: 0.0408
2024-11-19 16:39:13,613 - INFO - Evaluation results - MAE: 471.23, RMSE: 496.71
2024-11-19 16:39:13,615 - INFO - Training model with num_layers=2, num_heads=2, d_model=64, dim_feedforward=64, learning_rate=0.0005
2024-11-19 16:39:13,815 - INFO - Epoch 10/50, Loss: 0.1254
2024-11-19 16:39:13,970 - INFO - Epoch 20/50, Loss: 0.0533
2024-11-19 16:39:14,099 - INFO - Epoch 30/50, Loss: 0.0407
2024-11-19 16:39:14,338 - INFO - Epoch 40/50, Loss: 0.0466
2024-11-19 16:39:14,516 - INFO - Epoch 50/50, Loss: 0.0407
2024-11-19 16:39:14,518 - INFO - Evaluation results - MAE: 444.32, RMSE: 471.26
2024-11-19 16:39:14,520 - INFO - Training model with num_layers=2, num_heads=2, d_model=64, dim_feedforward=128, learning_rate=0.001
2024-11-19 16:39:14,784 - INFO - Epoch 10/50, Loss: 0.0716
2024-11-19 16:39:14,925 - INFO - Epoch 20/50, Loss: 0.0528
2024-11-19 16:39:15,176 - INFO - Epoch 30/50, Loss: 0.0558
2024-11-19 16:39:15,355 - INFO - Epoch 40/50, Loss: 0.0436
2024-11-19 16:39:15,501 - INFO - Epoch 50/50, Loss: 0.0443
2024-11-19 16:39:15,503 - INFO - Evaluation results - MAE: 471.36, RMSE: 496.75
2024-11-19 16:39:15,505 - INFO - Training model with num_layers=2, num_heads=2, d_model=64, dim_feedforward=128, learning_rate=0.0005
2024-11-19 16:39:15,715 - INFO - Epoch 10/50, Loss: 0.0592
2024-11-19 16:39:15,883 - INFO - Epoch 20/50, Loss: 0.0625
2024-11-19 16:39:16,039 - INFO - Epoch 30/50, Loss: 0.0404
2024-11-19 16:39:16,229 - INFO - Epoch 40/50, Loss: 0.0343
2024-11-19 16:39:16,366 - INFO - Epoch 50/50, Loss: 0.0262
2024-11-19 16:39:16,368 - INFO - Evaluation results - MAE: 335.96, RMSE: 368.23
2024-11-19 16:39:16,369 - INFO - Training model with num_layers=2, num_heads=4, d_model=32, dim_feedforward=64, learning_rate=0.001
2024-11-19 16:39:16,526 - INFO - Epoch 10/50, Loss: 0.1104
2024-11-19 16:39:16,771 - INFO - Epoch 20/50, Loss: 0.0697
2024-11-19 16:39:16,955 - INFO - Epoch 30/50, Loss: 0.0732
2024-11-19 16:39:17,139 - INFO - Epoch 40/50, Loss: 0.0514
2024-11-19 16:39:17,281 - INFO - Epoch 50/50, Loss: 0.0420
2024-11-19 16:39:17,283 - INFO - Evaluation results - MAE: 461.63, RMSE: 487.74
2024-11-19 16:39:17,284 - INFO - Training model with num_layers=2, num_heads=4, d_model=32, dim_feedforward=64, learning_rate=0.0005
2024-11-19 16:39:17,430 - INFO - Epoch 10/50, Loss: 0.2421
2024-11-19 16:39:17,625 - INFO - Epoch 20/50, Loss: 0.0799
2024-11-19 16:39:17,838 - INFO - Epoch 30/50, Loss: 0.0788
2024-11-19 16:39:17,995 - INFO - Epoch 40/50, Loss: 0.0531
2024-11-19 16:39:18,153 - INFO - Epoch 50/50, Loss: 0.0479
2024-11-19 16:39:18,155 - INFO - Evaluation results - MAE: 539.27, RMSE: 561.69
2024-11-19 16:39:18,156 - INFO - Training model with num_layers=2, num_heads=4, d_model=32, dim_feedforward=128, learning_rate=0.001
2024-11-19 16:39:18,316 - INFO - Epoch 10/50, Loss: 0.1655
2024-11-19 16:39:18,534 - INFO - Epoch 20/50, Loss: 0.0706
2024-11-19 16:39:18,723 - INFO - Epoch 30/50, Loss: 0.0510
2024-11-19 16:39:18,882 - INFO - Epoch 40/50, Loss: 0.0420
2024-11-19 16:39:19,058 - INFO - Epoch 50/50, Loss: 0.0402
2024-11-19 16:39:19,060 - INFO - Evaluation results - MAE: 455.01, RMSE: 481.29
2024-11-19 16:39:19,062 - INFO - Training model with num_layers=2, num_heads=4, d_model=32, dim_feedforward=128, learning_rate=0.0005
2024-11-19 16:39:19,228 - INFO - Epoch 10/50, Loss: 0.0647
2024-11-19 16:39:19,388 - INFO - Epoch 20/50, Loss: 0.0489
2024-11-19 16:39:19,809 - INFO - Epoch 30/50, Loss: 0.0438
2024-11-19 16:39:20,010 - INFO - Epoch 40/50, Loss: 0.0287
2024-11-19 16:39:20,183 - INFO - Epoch 50/50, Loss: 0.0273
2024-11-19 16:39:20,185 - INFO - Evaluation results - MAE: 264.61, RMSE: 299.63
2024-11-19 16:39:20,185 - INFO - New best model found: {'num_layers': 2, 'num_heads': 4, 'd_model': 32, 'dim_feedforward': 128, 'learning_rate': 0.0005} with MAE: 264.61
2024-11-19 16:39:20,187 - INFO - Training model with num_layers=2, num_heads=4, d_model=64, dim_feedforward=64, learning_rate=0.001
2024-11-19 16:39:20,441 - INFO - Epoch 10/50, Loss: 0.1112
2024-11-19 16:39:20,728 - INFO - Epoch 20/50, Loss: 0.0803
2024-11-19 16:39:20,969 - INFO - Epoch 30/50, Loss: 0.0546
2024-11-19 16:39:21,171 - INFO - Epoch 40/50, Loss: 0.0417
2024-11-19 16:39:21,344 - INFO - Epoch 50/50, Loss: 0.0376
2024-11-19 16:39:21,347 - INFO - Evaluation results - MAE: 487.65, RMSE: 512.68
2024-11-19 16:39:21,348 - INFO - Training model with num_layers=2, num_heads=4, d_model=64, dim_feedforward=64, learning_rate=0.0005
2024-11-19 16:39:21,536 - INFO - Epoch 10/50, Loss: 0.0641
2024-11-19 16:39:21,719 - INFO - Epoch 20/50, Loss: 0.0578
2024-11-19 16:39:22,012 - INFO - Epoch 30/50, Loss: 0.0406
2024-11-19 16:39:22,191 - INFO - Epoch 40/50, Loss: 0.0382
2024-11-19 16:39:22,373 - INFO - Epoch 50/50, Loss: 0.0299
2024-11-19 16:39:22,376 - INFO - Evaluation results - MAE: 289.60, RMSE: 323.98
2024-11-19 16:39:22,377 - INFO - Training model with num_layers=2, num_heads=4, d_model=64, dim_feedforward=128, learning_rate=0.001
2024-11-19 16:39:22,574 - INFO - Epoch 10/50, Loss: 0.0715
2024-11-19 16:39:22,769 - INFO - Epoch 20/50, Loss: 0.0925
2024-11-19 16:39:22,991 - INFO - Epoch 30/50, Loss: 0.0558
2024-11-19 16:39:23,187 - INFO - Epoch 40/50, Loss: 0.0400
2024-11-19 16:39:23,366 - INFO - Epoch 50/50, Loss: 0.0486
2024-11-19 16:39:23,368 - INFO - Evaluation results - MAE: 554.45, RMSE: 576.30
2024-11-19 16:39:23,369 - INFO - Training model with num_layers=2, num_heads=4, d_model=64, dim_feedforward=128, learning_rate=0.0005
2024-11-19 16:39:23,549 - INFO - Epoch 10/50, Loss: 0.1179
2024-11-19 16:39:23,730 - INFO - Epoch 20/50, Loss: 0.0891
2024-11-19 16:39:23,950 - INFO - Epoch 30/50, Loss: 0.0750
2024-11-19 16:39:24,154 - INFO - Epoch 40/50, Loss: 0.0646
2024-11-19 16:39:24,333 - INFO - Epoch 50/50, Loss: 0.0590
2024-11-19 16:39:24,335 - INFO - Evaluation results - MAE: 483.61, RMSE: 508.53
2024-11-19 16:39:24,337 - INFO - Training model with num_layers=3, num_heads=2, d_model=32, dim_feedforward=64, learning_rate=0.001
2024-11-19 16:39:24,495 - INFO - Epoch 10/50, Loss: 0.0763
2024-11-19 16:39:24,646 - INFO - Epoch 20/50, Loss: 0.0448
2024-11-19 16:39:24,800 - INFO - Epoch 30/50, Loss: 0.0348
2024-11-19 16:39:24,946 - INFO - Epoch 40/50, Loss: 0.0273
2024-11-19 16:39:25,090 - INFO - Epoch 50/50, Loss: 0.0226
2024-11-19 16:39:25,092 - INFO - Evaluation results - MAE: 261.54, RMSE: 296.57
2024-11-19 16:39:25,092 - INFO - New best model found: {'num_layers': 3, 'num_heads': 2, 'd_model': 32, 'dim_feedforward': 64, 'learning_rate': 0.001} with MAE: 261.54
2024-11-19 16:39:25,094 - INFO - Training model with num_layers=3, num_heads=2, d_model=32, dim_feedforward=64, learning_rate=0.0005
2024-11-19 16:39:25,242 - INFO - Epoch 10/50, Loss: 0.0709
2024-11-19 16:39:25,399 - INFO - Epoch 20/50, Loss: 0.0689
2024-11-19 16:39:25,556 - INFO - Epoch 30/50, Loss: 0.0617
2024-11-19 16:39:25,716 - INFO - Epoch 40/50, Loss: 0.0414
2024-11-19 16:39:25,870 - INFO - Epoch 50/50, Loss: 0.0381
2024-11-19 16:39:25,872 - INFO - Evaluation results - MAE: 467.64, RMSE: 493.06
2024-11-19 16:39:25,874 - INFO - Training model with num_layers=3, num_heads=2, d_model=32, dim_feedforward=128, learning_rate=0.001
2024-11-19 16:39:26,079 - INFO - Epoch 10/50, Loss: 0.0713
2024-11-19 16:39:26,242 - INFO - Epoch 20/50, Loss: 0.0440
2024-11-19 16:39:26,437 - INFO - Epoch 30/50, Loss: 0.0366
2024-11-19 16:39:26,650 - INFO - Epoch 40/50, Loss: 0.0279
2024-11-19 16:39:26,870 - INFO - Epoch 50/50, Loss: 0.0260
2024-11-19 16:39:26,872 - INFO - Evaluation results - MAE: 252.46, RMSE: 288.30
2024-11-19 16:39:26,872 - INFO - New best model found: {'num_layers': 3, 'num_heads': 2, 'd_model': 32, 'dim_feedforward': 128, 'learning_rate': 0.001} with MAE: 252.46
2024-11-19 16:39:26,874 - INFO - Training model with num_layers=3, num_heads=2, d_model=32, dim_feedforward=128, learning_rate=0.0005
2024-11-19 16:39:27,052 - INFO - Epoch 10/50, Loss: 0.0550
2024-11-19 16:39:27,224 - INFO - Epoch 20/50, Loss: 0.0352
2024-11-19 16:39:27,388 - INFO - Epoch 30/50, Loss: 0.0286
2024-11-19 16:39:27,612 - INFO - Epoch 40/50, Loss: 0.0310
2024-11-19 16:39:27,804 - INFO - Epoch 50/50, Loss: 0.0196
2024-11-19 16:39:27,807 - INFO - Evaluation results - MAE: 298.57, RMSE: 331.38
2024-11-19 16:39:27,809 - INFO - Training model with num_layers=3, num_heads=2, d_model=64, dim_feedforward=64, learning_rate=0.001
2024-11-19 16:39:28,089 - INFO - Epoch 10/50, Loss: 0.1026
2024-11-19 16:39:28,386 - INFO - Epoch 20/50, Loss: 0.0763
2024-11-19 16:39:28,637 - INFO - Epoch 30/50, Loss: 0.0664
2024-11-19 16:39:28,907 - INFO - Epoch 40/50, Loss: 0.0502
2024-11-19 16:39:29,304 - INFO - Epoch 50/50, Loss: 0.0469
2024-11-19 16:39:29,306 - INFO - Evaluation results - MAE: 573.51, RMSE: 594.64
2024-11-19 16:39:29,308 - INFO - Training model with num_layers=3, num_heads=2, d_model=64, dim_feedforward=64, learning_rate=0.0005
2024-11-19 16:39:29,556 - INFO - Epoch 10/50, Loss: 0.0881
2024-11-19 16:39:29,792 - INFO - Epoch 20/50, Loss: 0.0550
2024-11-19 16:39:30,172 - INFO - Epoch 30/50, Loss: 0.0460
2024-11-19 16:39:30,543 - INFO - Epoch 40/50, Loss: 0.0388
2024-11-19 16:39:30,926 - INFO - Epoch 50/50, Loss: 0.0310
2024-11-19 16:39:30,929 - INFO - Evaluation results - MAE: 316.06, RMSE: 349.41
2024-11-19 16:39:30,931 - INFO - Training model with num_layers=3, num_heads=2, d_model=64, dim_feedforward=128, learning_rate=0.001
2024-11-19 16:39:31,226 - INFO - Epoch 10/50, Loss: 0.1300
2024-11-19 16:39:31,449 - INFO - Epoch 20/50, Loss: 0.0732
2024-11-19 16:39:31,771 - INFO - Epoch 30/50, Loss: 0.0476
2024-11-19 16:39:32,146 - INFO - Epoch 40/50, Loss: 0.0518
2024-11-19 16:39:32,493 - INFO - Epoch 50/50, Loss: 0.0540
2024-11-19 16:39:32,496 - INFO - Evaluation results - MAE: 488.68, RMSE: 513.40
2024-11-19 16:39:32,499 - INFO - Training model with num_layers=3, num_heads=2, d_model=64, dim_feedforward=128, learning_rate=0.0005
2024-11-19 16:39:33,042 - INFO - Epoch 10/50, Loss: 0.1247
2024-11-19 16:39:33,307 - INFO - Epoch 20/50, Loss: 0.0676
2024-11-19 16:39:33,550 - INFO - Epoch 30/50, Loss: 0.0598
2024-11-19 16:39:33,949 - INFO - Epoch 40/50, Loss: 0.0486
2024-11-19 16:39:34,219 - INFO - Epoch 50/50, Loss: 0.0436
2024-11-19 16:39:34,222 - INFO - Evaluation results - MAE: 494.97, RMSE: 519.34
2024-11-19 16:39:34,224 - INFO - Training model with num_layers=3, num_heads=4, d_model=32, dim_feedforward=64, learning_rate=0.001
2024-11-19 16:39:34,490 - INFO - Epoch 10/50, Loss: 0.0759
2024-11-19 16:39:34,733 - INFO - Epoch 20/50, Loss: 0.0551
2024-11-19 16:39:35,007 - INFO - Epoch 30/50, Loss: 0.0476
2024-11-19 16:39:35,281 - INFO - Epoch 40/50, Loss: 0.0342
2024-11-19 16:39:35,564 - INFO - Epoch 50/50, Loss: 0.0244
2024-11-19 16:39:35,568 - INFO - Evaluation results - MAE: 264.34, RMSE: 299.78
2024-11-19 16:39:35,570 - INFO - Training model with num_layers=3, num_heads=4, d_model=32, dim_feedforward=64, learning_rate=0.0005
2024-11-19 16:39:35,853 - INFO - Epoch 10/50, Loss: 0.1369
2024-11-19 16:39:36,100 - INFO - Epoch 20/50, Loss: 0.0950
2024-11-19 16:39:36,413 - INFO - Epoch 30/50, Loss: 0.0684
2024-11-19 16:39:36,670 - INFO - Epoch 40/50, Loss: 0.0611
2024-11-19 16:39:36,920 - INFO - Epoch 50/50, Loss: 0.0568
2024-11-19 16:39:36,924 - INFO - Evaluation results - MAE: 496.17, RMSE: 520.61
2024-11-19 16:39:36,926 - INFO - Training model with num_layers=3, num_heads=4, d_model=32, dim_feedforward=128, learning_rate=0.001
2024-11-19 16:39:37,179 - INFO - Epoch 10/50, Loss: 0.0570
2024-11-19 16:39:37,459 - INFO - Epoch 20/50, Loss: 0.0539
2024-11-19 16:39:37,722 - INFO - Epoch 30/50, Loss: 0.0553
2024-11-19 16:39:38,019 - INFO - Epoch 40/50, Loss: 0.0483
2024-11-19 16:39:38,564 - INFO - Epoch 50/50, Loss: 0.0512
2024-11-19 16:39:38,567 - INFO - Evaluation results - MAE: 511.39, RMSE: 535.12
2024-11-19 16:39:38,569 - INFO - Training model with num_layers=3, num_heads=4, d_model=32, dim_feedforward=128, learning_rate=0.0005
2024-11-19 16:39:38,819 - INFO - Epoch 10/50, Loss: 0.2972
2024-11-19 16:39:39,116 - INFO - Epoch 20/50, Loss: 0.0884
2024-11-19 16:39:39,374 - INFO - Epoch 30/50, Loss: 0.0659
2024-11-19 16:39:39,663 - INFO - Epoch 40/50, Loss: 0.0571
2024-11-19 16:39:39,930 - INFO - Epoch 50/50, Loss: 0.0545
2024-11-19 16:39:39,934 - INFO - Evaluation results - MAE: 601.95, RMSE: 622.11
2024-11-19 16:39:39,936 - INFO - Training model with num_layers=3, num_heads=4, d_model=64, dim_feedforward=64, learning_rate=0.001
2024-11-19 16:39:40,210 - INFO - Epoch 10/50, Loss: 0.0625
2024-11-19 16:39:40,512 - INFO - Epoch 20/50, Loss: 0.0813
2024-11-19 16:39:40,922 - INFO - Epoch 30/50, Loss: 0.0595
2024-11-19 16:39:41,249 - INFO - Epoch 40/50, Loss: 0.0554
2024-11-19 16:39:41,569 - INFO - Epoch 50/50, Loss: 0.0415
2024-11-19 16:39:41,572 - INFO - Evaluation results - MAE: 476.98, RMSE: 502.13
2024-11-19 16:39:41,574 - INFO - Training model with num_layers=3, num_heads=4, d_model=64, dim_feedforward=64, learning_rate=0.0005
2024-11-19 16:39:41,998 - INFO - Epoch 10/50, Loss: 0.0974
2024-11-19 16:39:42,354 - INFO - Epoch 20/50, Loss: 0.0704
2024-11-19 16:39:42,734 - INFO - Epoch 30/50, Loss: 0.0591
2024-11-19 16:39:43,098 - INFO - Epoch 40/50, Loss: 0.0546
2024-11-19 16:39:43,412 - INFO - Epoch 50/50, Loss: 0.0529
2024-11-19 16:39:43,416 - INFO - Evaluation results - MAE: 541.88, RMSE: 564.29
2024-11-19 16:39:43,419 - INFO - Training model with num_layers=3, num_heads=4, d_model=64, dim_feedforward=128, learning_rate=0.001
2024-11-19 16:39:43,755 - INFO - Epoch 10/50, Loss: 0.1849
2024-11-19 16:39:44,106 - INFO - Epoch 20/50, Loss: 0.0599
2024-11-19 16:39:44,428 - INFO - Epoch 30/50, Loss: 0.0499
2024-11-19 16:39:44,813 - INFO - Epoch 40/50, Loss: 0.0558
2024-11-19 16:39:45,196 - INFO - Epoch 50/50, Loss: 0.0516
2024-11-19 16:39:45,199 - INFO - Evaluation results - MAE: 534.60, RMSE: 557.33
2024-11-19 16:39:45,201 - INFO - Training model with num_layers=3, num_heads=4, d_model=64, dim_feedforward=128, learning_rate=0.0005
2024-11-19 16:39:45,523 - INFO - Epoch 10/50, Loss: 0.0985
2024-11-19 16:39:45,881 - INFO - Epoch 20/50, Loss: 0.0534
2024-11-19 16:39:46,199 - INFO - Epoch 30/50, Loss: 0.0471
2024-11-19 16:39:46,471 - INFO - Epoch 40/50, Loss: 0.0500
2024-11-19 16:39:46,784 - INFO - Epoch 50/50, Loss: 0.0414
2024-11-19 16:39:46,786 - INFO - Evaluation results - MAE: 455.28, RMSE: 481.77
2024-11-19 16:39:46,787 - INFO - Best model parameters: {'num_layers': 3, 'num_heads': 2, 'd_model': 32, 'dim_feedforward': 128, 'learning_rate': 0.001} with MAE: 252.46
